2023-05-18 10:05:630 INFO  HomePage :28 - Mouse hover to element [[ChromeDriver: chrome on WINDOWS (b26442e3c9e6ba0157ec7127666d1821)] -> xpath: //a[normalize-space()='buy + sell']]
2023-05-18 10:05:119 INFO  HomePage :32 - Click used link : [[ChromeDriver: chrome on WINDOWS (b26442e3c9e6ba0157ec7127666d1821)] -> xpath: //a[normalize-space()='Used']]
2023-05-18 11:05:602 INFO  HomePage :31 - Mouse hover to element [[ChromeDriver: chrome on WINDOWS (826844247d71ed9be5cab25034a948de)] -> xpath: //a[normalize-space()='buy + sell']]
2023-05-18 11:05:929 INFO  HomePage :35 - Click search cars link : [[ChromeDriver: chrome on WINDOWS (826844247d71ed9be5cab25034a948de)] -> xpath: //a[normalize-space()='Search Cars']]
2023-05-18 11:05:250 INFO  NewAndUsedCarSearchPage :22 - Navigated to Used cars For sale page:  [[ChromeDriver: chrome on WINDOWS (826844247d71ed9be5cab25034a948de)] -> xpath: //h1]
2023-05-18 11:05:743 INFO  HomePage :31 - Mouse hover to element [[ChromeDriver: chrome on WINDOWS (2f84c847bc43eee6899af0b8130900ab)] -> xpath: //a[normalize-space()='buy + sell']]
2023-05-18 11:05:30 INFO  HomePage :35 - Click search cars link : [[ChromeDriver: chrome on WINDOWS (2f84c847bc43eee6899af0b8130900ab)] -> xpath: //a[normalize-space()='Search Cars']]
2023-05-18 11:05:81 INFO  NewAndUsedCarSearchPage :22 - Navigated to Used cars For sale page:  [[ChromeDriver: chrome on WINDOWS (2f84c847bc43eee6899af0b8130900ab)] -> xpath: //h1]
2023-05-18 11:05:896 INFO  HomePage :31 - Mouse hover to element [[ChromeDriver: chrome on WINDOWS (5f65610877e58fc8ed1ba81856521e78)] -> xpath: //a[normalize-space()='buy + sell']]
2023-05-18 11:05:725 INFO  HomePage :35 - Click search cars link : [[ChromeDriver: chrome on WINDOWS (5f65610877e58fc8ed1ba81856521e78)] -> xpath: //a[normalize-space()='Search Cars']]
2023-05-18 11:05:67 INFO  NewAndUsedCarSearchPage :38 - Navigated to Used cars For sale page:  [[ChromeDriver: chrome on WINDOWS (5f65610877e58fc8ed1ba81856521e78)] -> xpath: //h1]
2023-05-18 11:05:399 INFO  NewAndUsedCarSearchPage :43 - Select makes dropdown :  [[ChromeDriver: chrome on WINDOWS (5f65610877e58fc8ed1ba81856521e78)] -> id: makes]
2023-05-18 11:05:617 INFO  HomePage :31 - Mouse hover to element [[ChromeDriver: chrome on WINDOWS (63a5844d9edf83e8d8f07e7a7a7c44b6)] -> xpath: //a[normalize-space()='buy + sell']]
2023-05-18 11:05:288 INFO  HomePage :35 - Click search cars link : [[ChromeDriver: chrome on WINDOWS (63a5844d9edf83e8d8f07e7a7a7c44b6)] -> xpath: //a[normalize-space()='Search Cars']]
2023-05-18 11:05:788 INFO  NewAndUsedCarSearchPage :38 - Navigated to Used cars For sale page:  [[ChromeDriver: chrome on WINDOWS (63a5844d9edf83e8d8f07e7a7a7c44b6)] -> xpath: //h1]
2023-05-18 11:05:137 INFO  NewAndUsedCarSearchPage :43 - Select makes dropdown :  [[ChromeDriver: chrome on WINDOWS (63a5844d9edf83e8d8f07e7a7a7c44b6)] -> id: makes]
2023-05-18 11:05:399 INFO  NewAndUsedCarSearchPage :48 - Select model dropdown :  [[ChromeDriver: chrome on WINDOWS (63a5844d9edf83e8d8f07e7a7a7c44b6)] -> id: models]
2023-05-18 13:05:450 INFO  HomePage :31 - Mouse hover to element [[ChromeDriver: chrome on WINDOWS (32439200328db5d5e048b276e2136600)] -> xpath: //a[normalize-space()='buy + sell']]
2023-05-18 13:05:463 INFO  HomePage :35 - Click search cars link : [[ChromeDriver: chrome on WINDOWS (32439200328db5d5e048b276e2136600)] -> xpath: //a[normalize-space()='Search Cars']]
2023-05-18 13:05:548 INFO  NewAndUsedCarSearchPage :38 - Navigated to Used cars For sale page:  [[ChromeDriver: chrome on WINDOWS (32439200328db5d5e048b276e2136600)] -> xpath: //h1]
2023-05-18 13:05:902 INFO  NewAndUsedCarSearchPage :43 - Select makes dropdown :  [[ChromeDriver: chrome on WINDOWS (32439200328db5d5e048b276e2136600)] -> id: makes]
2023-05-18 13:05:130 INFO  NewAndUsedCarSearchPage :48 - Select model dropdown :  [[ChromeDriver: chrome on WINDOWS (32439200328db5d5e048b276e2136600)] -> id: models]
2023-05-18 13:05:272 INFO  NewAndUsedCarSearchPage :52 - Select model dropdown :  [[ChromeDriver: chrome on WINDOWS (32439200328db5d5e048b276e2136600)] -> id: locations]
2023-05-18 13:05:433 INFO  NewAndUsedCarSearchPage :56 - Select model dropdown :  [[ChromeDriver: chrome on WINDOWS (32439200328db5d5e048b276e2136600)] -> id: priceTo]
2023-05-18 13:05:552 INFO  NewAndUsedCarSearchPage :60 - Click on Find my next car :  [[ChromeDriver: chrome on WINDOWS (32439200328db5d5e048b276e2136600)] -> id: search-submit]
2023-05-18 13:05:997 INFO  HomePage :31 - Mouse hover to element [[ChromeDriver: chrome on WINDOWS (434e5a43af467b2bcdf627991af0b7a7)] -> xpath: //a[normalize-space()='buy + sell']]
2023-05-18 13:05:64 INFO  HomePage :35 - Click search cars link : [[ChromeDriver: chrome on WINDOWS (434e5a43af467b2bcdf627991af0b7a7)] -> xpath: //a[normalize-space()='Search Cars']]
2023-05-18 13:05:110 INFO  NewAndUsedCarSearchPage :41 - Navigated to Used cars For sale page:  [[ChromeDriver: chrome on WINDOWS (434e5a43af467b2bcdf627991af0b7a7)] -> xpath: //h1]
2023-05-18 13:05:959 INFO  NewAndUsedCarSearchPage :46 - Select makes dropdown :  [[ChromeDriver: chrome on WINDOWS (434e5a43af467b2bcdf627991af0b7a7)] -> id: makes]
2023-05-18 13:05:123 INFO  NewAndUsedCarSearchPage :51 - Select model dropdown :  [[ChromeDriver: chrome on WINDOWS (434e5a43af467b2bcdf627991af0b7a7)] -> id: models]
2023-05-18 13:05:306 INFO  NewAndUsedCarSearchPage :55 - Select model dropdown :  [[ChromeDriver: chrome on WINDOWS (434e5a43af467b2bcdf627991af0b7a7)] -> id: locations]
2023-05-18 13:05:457 INFO  NewAndUsedCarSearchPage :59 - Select model dropdown :  [[ChromeDriver: chrome on WINDOWS (434e5a43af467b2bcdf627991af0b7a7)] -> id: priceTo]
2023-05-18 13:05:495 INFO  NewAndUsedCarSearchPage :63 - Click on Find my next car :  [[ChromeDriver: chrome on WINDOWS (434e5a43af467b2bcdf627991af0b7a7)] -> id: search-submit]
2023-05-18 13:05:710 INFO  HomePage :31 - Mouse hover to element [[ChromeDriver: chrome on WINDOWS (746fb4c9ed96ac4dfa98d3b98cee4418)] -> xpath: //a[normalize-space()='buy + sell']]
2023-05-18 13:05:59 INFO  HomePage :35 - Click search cars link : [[ChromeDriver: chrome on WINDOWS (746fb4c9ed96ac4dfa98d3b98cee4418)] -> xpath: //a[normalize-space()='Search Cars']]
2023-05-18 13:05:957 INFO  NewAndUsedCarSearchPage :41 - Navigated to Used cars For sale page:  [[ChromeDriver: chrome on WINDOWS (746fb4c9ed96ac4dfa98d3b98cee4418)] -> xpath: //h1]
2023-05-18 13:05:344 INFO  NewAndUsedCarSearchPage :46 - Select makes dropdown :  [[ChromeDriver: chrome on WINDOWS (746fb4c9ed96ac4dfa98d3b98cee4418)] -> id: makes]
2023-05-18 13:05:498 INFO  NewAndUsedCarSearchPage :51 - Select model dropdown :  [[ChromeDriver: chrome on WINDOWS (746fb4c9ed96ac4dfa98d3b98cee4418)] -> id: models]
2023-05-18 13:05:680 INFO  NewAndUsedCarSearchPage :55 - Select model dropdown :  [[ChromeDriver: chrome on WINDOWS (746fb4c9ed96ac4dfa98d3b98cee4418)] -> id: locations]
2023-05-18 13:05:822 INFO  NewAndUsedCarSearchPage :59 - Select model dropdown :  [[ChromeDriver: chrome on WINDOWS (746fb4c9ed96ac4dfa98d3b98cee4418)] -> id: priceTo]
2023-05-18 13:05:309 INFO  NewAndUsedCarSearchPage :63 - Click on Find my next car :  [[ChromeDriver: chrome on WINDOWS (746fb4c9ed96ac4dfa98d3b98cee4418)] -> id: search-submit]
2023-05-18 14:05:274 INFO  HomePage :31 - Mouse hover to element [[ChromeDriver: chrome on WINDOWS (edab620ca845cbc7057a089043a233fa)] -> xpath: //a[normalize-space()='buy + sell']]
2023-05-18 14:05:49 INFO  HomePage :35 - Click search cars link : [[ChromeDriver: chrome on WINDOWS (edab620ca845cbc7057a089043a233fa)] -> xpath: //a[normalize-space()='Search Cars']]
2023-05-18 14:05:329 INFO  NewAndUsedCarSearchPage :41 - Navigated to Used cars For sale page:  [[ChromeDriver: chrome on WINDOWS (edab620ca845cbc7057a089043a233fa)] -> xpath: //h1]
2023-05-18 14:05:499 INFO  NewAndUsedCarSearchPage :46 - Select makes dropdown :  [[ChromeDriver: chrome on WINDOWS (edab620ca845cbc7057a089043a233fa)] -> id: makes]
2023-05-18 14:05:700 INFO  NewAndUsedCarSearchPage :51 - Select model dropdown :  [[ChromeDriver: chrome on WINDOWS (edab620ca845cbc7057a089043a233fa)] -> id: models]
2023-05-18 14:05:858 INFO  NewAndUsedCarSearchPage :55 - Select model dropdown :  [[ChromeDriver: chrome on WINDOWS (edab620ca845cbc7057a089043a233fa)] -> id: locations]
2023-05-18 14:05:24 INFO  NewAndUsedCarSearchPage :59 - Select model dropdown :  [[ChromeDriver: chrome on WINDOWS (edab620ca845cbc7057a089043a233fa)] -> id: priceTo]
2023-05-18 14:05:384 INFO  NewAndUsedCarSearchPage :63 - Click on Find my next car :  [[ChromeDriver: chrome on WINDOWS (edab620ca845cbc7057a089043a233fa)] -> id: search-submit]
2023-05-18 14:05:564 INFO  HomePage :31 - Mouse hover to element [[ChromeDriver: chrome on WINDOWS (9dd5b4a0786068b3382f7db8956a3a0d)] -> xpath: //a[normalize-space()='buy + sell']]
2023-05-18 14:05:363 INFO  HomePage :35 - Click search cars link : [[ChromeDriver: chrome on WINDOWS (9dd5b4a0786068b3382f7db8956a3a0d)] -> xpath: //a[normalize-space()='Search Cars']]
2023-05-18 14:05:454 INFO  NewAndUsedCarSearchPage :41 - Navigated to Used cars For sale page:  [[ChromeDriver: chrome on WINDOWS (9dd5b4a0786068b3382f7db8956a3a0d)] -> xpath: //h1]
2023-05-18 14:05:752 INFO  NewAndUsedCarSearchPage :46 - Select makes dropdown :  [[ChromeDriver: chrome on WINDOWS (9dd5b4a0786068b3382f7db8956a3a0d)] -> id: makes]
2023-05-18 14:05:885 INFO  NewAndUsedCarSearchPage :51 - Select model dropdown :  [[ChromeDriver: chrome on WINDOWS (9dd5b4a0786068b3382f7db8956a3a0d)] -> id: models]
2023-05-18 14:05:52 INFO  NewAndUsedCarSearchPage :55 - Select model dropdown :  [[ChromeDriver: chrome on WINDOWS (9dd5b4a0786068b3382f7db8956a3a0d)] -> id: locations]
2023-05-18 14:05:165 INFO  NewAndUsedCarSearchPage :59 - Select model dropdown :  [[ChromeDriver: chrome on WINDOWS (9dd5b4a0786068b3382f7db8956a3a0d)] -> id: priceTo]
2023-05-18 14:05:287 INFO  NewAndUsedCarSearchPage :63 - Click on Find my next car :  [[ChromeDriver: chrome on WINDOWS (9dd5b4a0786068b3382f7db8956a3a0d)] -> id: search-submit]
2023-05-18 14:05:597 INFO  HomePage :31 - Mouse hover to element [[ChromeDriver: chrome on WINDOWS (101bd4c121845a59ae088ea1ed6062ea)] -> xpath: //a[normalize-space()='buy + sell']]
2023-05-18 14:05:893 INFO  HomePage :35 - Click search cars link : [[ChromeDriver: chrome on WINDOWS (101bd4c121845a59ae088ea1ed6062ea)] -> xpath: //a[normalize-space()='Search Cars']]
2023-05-18 14:05:393 INFO  NewAndUsedCarSearchPage :41 - Navigated to Used cars For sale page:  [[ChromeDriver: chrome on WINDOWS (101bd4c121845a59ae088ea1ed6062ea)] -> xpath: //h1]
2023-05-18 14:05:62 INFO  NewAndUsedCarSearchPage :46 - Select makes dropdown :  [[ChromeDriver: chrome on WINDOWS (101bd4c121845a59ae088ea1ed6062ea)] -> id: makes]
2023-05-18 14:05:210 INFO  NewAndUsedCarSearchPage :51 - Select model dropdown :  [[ChromeDriver: chrome on WINDOWS (101bd4c121845a59ae088ea1ed6062ea)] -> id: models]
2023-05-18 14:05:338 INFO  NewAndUsedCarSearchPage :55 - Select model dropdown :  [[ChromeDriver: chrome on WINDOWS (101bd4c121845a59ae088ea1ed6062ea)] -> id: locations]
2023-05-18 14:05:467 INFO  NewAndUsedCarSearchPage :59 - Select model dropdown :  [[ChromeDriver: chrome on WINDOWS (101bd4c121845a59ae088ea1ed6062ea)] -> id: priceTo]
2023-05-18 14:05:173 INFO  NewAndUsedCarSearchPage :63 - Click on Find my next car :  [[ChromeDriver: chrome on WINDOWS (101bd4c121845a59ae088ea1ed6062ea)] -> id: search-submit]
2023-05-18 14:05:923 INFO  HomePage :31 - Mouse hover to element [[ChromeDriver: chrome on WINDOWS (db16dd3f410c42113c149054215cf140)] -> xpath: //a[normalize-space()='buy + sell']]
2023-05-18 14:05:29 INFO  HomePage :35 - Click search cars link : [[ChromeDriver: chrome on WINDOWS (db16dd3f410c42113c149054215cf140)] -> xpath: //a[normalize-space()='Search Cars']]
2023-05-18 14:05:262 INFO  NewAndUsedCarSearchPage :41 - Navigated to Used cars For sale page:  [[ChromeDriver: chrome on WINDOWS (db16dd3f410c42113c149054215cf140)] -> xpath: //h1]
2023-05-18 14:05:381 INFO  NewAndUsedCarSearchPage :46 - Select makes dropdown :  [[ChromeDriver: chrome on WINDOWS (db16dd3f410c42113c149054215cf140)] -> id: makes]
2023-05-18 14:05:573 INFO  NewAndUsedCarSearchPage :51 - Select model dropdown :  [[ChromeDriver: chrome on WINDOWS (db16dd3f410c42113c149054215cf140)] -> id: models]
2023-05-18 14:05:694 INFO  NewAndUsedCarSearchPage :55 - Select model dropdown :  [[ChromeDriver: chrome on WINDOWS (db16dd3f410c42113c149054215cf140)] -> id: locations]
2023-05-18 14:05:874 INFO  NewAndUsedCarSearchPage :59 - Select model dropdown :  [[ChromeDriver: chrome on WINDOWS (db16dd3f410c42113c149054215cf140)] -> id: priceTo]
2023-05-18 14:05:219 INFO  NewAndUsedCarSearchPage :63 - Click on Find my next car :  [[ChromeDriver: chrome on WINDOWS (db16dd3f410c42113c149054215cf140)] -> id: search-submit]
2023-05-18 14:05:154 INFO  HomePage :31 - Mouse hover to element [[ChromeDriver: chrome on WINDOWS (7381b611274dbc38b8ecce06cb249409)] -> xpath: //a[normalize-space()='buy + sell']]
2023-05-18 14:05:336 INFO  HomePage :35 - Click search cars link : [[ChromeDriver: chrome on WINDOWS (7381b611274dbc38b8ecce06cb249409)] -> xpath: //a[normalize-space()='Search Cars']]
2023-05-18 14:05:759 INFO  NewAndUsedCarSearchPage :41 - Navigated to Used cars For sale page:  [[ChromeDriver: chrome on WINDOWS (7381b611274dbc38b8ecce06cb249409)] -> xpath: //h1]
2023-05-18 14:05:449 INFO  NewAndUsedCarSearchPage :46 - Select makes dropdown :  [[ChromeDriver: chrome on WINDOWS (7381b611274dbc38b8ecce06cb249409)] -> id: makes]
2023-05-18 14:05:601 INFO  NewAndUsedCarSearchPage :51 - Select model dropdown :  [[ChromeDriver: chrome on WINDOWS (7381b611274dbc38b8ecce06cb249409)] -> id: models]
2023-05-18 14:05:737 INFO  NewAndUsedCarSearchPage :55 - Select model dropdown :  [[ChromeDriver: chrome on WINDOWS (7381b611274dbc38b8ecce06cb249409)] -> id: locations]
2023-05-18 14:05:853 INFO  NewAndUsedCarSearchPage :59 - Select model dropdown :  [[ChromeDriver: chrome on WINDOWS (7381b611274dbc38b8ecce06cb249409)] -> id: priceTo]
2023-05-18 14:05:370 INFO  NewAndUsedCarSearchPage :63 - Click on Find my next car :  [[ChromeDriver: chrome on WINDOWS (7381b611274dbc38b8ecce06cb249409)] -> id: search-submit]
2023-05-18 14:05:216 INFO  HomePage :31 - Mouse hover to element [[ChromeDriver: chrome on WINDOWS (f071176c540503a3566e07846837b9cd)] -> xpath: //a[normalize-space()='buy + sell']]
2023-05-18 14:05:213 INFO  HomePage :35 - Click search cars link : [[ChromeDriver: chrome on WINDOWS (f071176c540503a3566e07846837b9cd)] -> xpath: //a[normalize-space()='Search Cars']]
2023-05-18 14:05:479 INFO  NewAndUsedCarSearchPage :41 - Navigated to Used cars For sale page:  [[ChromeDriver: chrome on WINDOWS (f071176c540503a3566e07846837b9cd)] -> xpath: //h1]
2023-05-18 14:05:597 INFO  NewAndUsedCarSearchPage :46 - Select makes dropdown :  [[ChromeDriver: chrome on WINDOWS (f071176c540503a3566e07846837b9cd)] -> id: makes]
2023-05-18 14:05:808 INFO  NewAndUsedCarSearchPage :51 - Select model dropdown :  [[ChromeDriver: chrome on WINDOWS (f071176c540503a3566e07846837b9cd)] -> id: models]
2023-05-18 14:05:934 INFO  NewAndUsedCarSearchPage :55 - Select model dropdown :  [[ChromeDriver: chrome on WINDOWS (f071176c540503a3566e07846837b9cd)] -> id: locations]
2023-05-18 14:05:49 INFO  NewAndUsedCarSearchPage :59 - Select model dropdown :  [[ChromeDriver: chrome on WINDOWS (f071176c540503a3566e07846837b9cd)] -> id: priceTo]
2023-05-18 14:05:744 INFO  NewAndUsedCarSearchPage :63 - Click on Find my next car :  [[ChromeDriver: chrome on WINDOWS (f071176c540503a3566e07846837b9cd)] -> id: search-submit]
2023-05-18 14:05:333 INFO  HomePage :31 - Mouse hover to element [[ChromeDriver: chrome on WINDOWS (2fe920daa4281ddff2ec5bbba3d23095)] -> xpath: //a[normalize-space()='buy + sell']]
2023-05-18 14:05:182 INFO  HomePage :40 - Click used link : [[ChromeDriver: chrome on WINDOWS (2fe920daa4281ddff2ec5bbba3d23095)] -> xpath: //a[normalize-space()='Used']]
2023-05-18 14:05:637 INFO  UsedCarSearchPage :22 - Navigated to Used cars For sale page:  [[ChromeDriver: chrome on WINDOWS (2fe920daa4281ddff2ec5bbba3d23095)] -> xpath: //h1]
2023-05-18 14:05:983 INFO  NewAndUsedCarSearchPage :46 - Select makes dropdown :  [[ChromeDriver: chrome on WINDOWS (2fe920daa4281ddff2ec5bbba3d23095)] -> id: makes]
2023-05-18 14:05:253 INFO  NewAndUsedCarSearchPage :51 - Select model dropdown :  [[ChromeDriver: chrome on WINDOWS (2fe920daa4281ddff2ec5bbba3d23095)] -> id: models]
2023-05-18 14:05:509 INFO  NewAndUsedCarSearchPage :55 - Select model dropdown :  [[ChromeDriver: chrome on WINDOWS (2fe920daa4281ddff2ec5bbba3d23095)] -> id: locations]
2023-05-18 14:05:746 INFO  NewAndUsedCarSearchPage :59 - Select model dropdown :  [[ChromeDriver: chrome on WINDOWS (2fe920daa4281ddff2ec5bbba3d23095)] -> id: priceTo]
2023-05-18 14:05:299 INFO  NewAndUsedCarSearchPage :63 - Click on Find my next car :  [[ChromeDriver: chrome on WINDOWS (2fe920daa4281ddff2ec5bbba3d23095)] -> id: search-submit]
2023-05-18 14:05:278 INFO  HomePage :31 - Mouse hover to element [[ChromeDriver: chrome on WINDOWS (f1e7ecc5593050dd2f382969ab0e70fa)] -> xpath: //a[normalize-space()='buy + sell']]
2023-05-18 14:05:839 INFO  HomePage :40 - Click used link : [[ChromeDriver: chrome on WINDOWS (f1e7ecc5593050dd2f382969ab0e70fa)] -> xpath: //a[normalize-space()='Used']]
2023-05-18 14:05:315 INFO  UsedCarSearchPage :22 - Navigated to Used cars For sale page:  [[ChromeDriver: chrome on WINDOWS (f1e7ecc5593050dd2f382969ab0e70fa)] -> xpath: //h1]
2023-05-18 14:05:497 INFO  NewAndUsedCarSearchPage :46 - Select makes dropdown :  [[ChromeDriver: chrome on WINDOWS (f1e7ecc5593050dd2f382969ab0e70fa)] -> id: makes]
2023-05-18 14:05:713 INFO  NewAndUsedCarSearchPage :51 - Select model dropdown :  [[ChromeDriver: chrome on WINDOWS (f1e7ecc5593050dd2f382969ab0e70fa)] -> id: models]
2023-05-18 14:05:905 INFO  NewAndUsedCarSearchPage :55 - Select model dropdown :  [[ChromeDriver: chrome on WINDOWS (f1e7ecc5593050dd2f382969ab0e70fa)] -> id: locations]
2023-05-18 14:05:83 INFO  NewAndUsedCarSearchPage :59 - Select model dropdown :  [[ChromeDriver: chrome on WINDOWS (f1e7ecc5593050dd2f382969ab0e70fa)] -> id: priceTo]
2023-05-18 14:05:196 INFO  NewAndUsedCarSearchPage :63 - Click on Find my next car :  [[ChromeDriver: chrome on WINDOWS (f1e7ecc5593050dd2f382969ab0e70fa)] -> id: search-submit]
2023-05-18 14:05:44 INFO  HomePage :31 - Mouse hover to element [[ChromeDriver: chrome on WINDOWS (d0c4b9d7a88c55f61e3b47109ff71406)] -> xpath: //a[normalize-space()='buy + sell']]
2023-05-18 14:05:474 INFO  HomePage :40 - Click used link : [[ChromeDriver: chrome on WINDOWS (d0c4b9d7a88c55f61e3b47109ff71406)] -> xpath: //a[normalize-space()='Used']]
2023-05-18 14:05:637 INFO  UsedCarSearchPage :22 - Navigated to Used cars For sale page:  [[ChromeDriver: chrome on WINDOWS (d0c4b9d7a88c55f61e3b47109ff71406)] -> xpath: //h1]
2023-05-18 14:05:111 INFO  NewAndUsedCarSearchPage :46 - Select makes dropdown :  [[ChromeDriver: chrome on WINDOWS (d0c4b9d7a88c55f61e3b47109ff71406)] -> id: makes]
2023-05-18 14:05:323 INFO  NewAndUsedCarSearchPage :51 - Select model dropdown :  [[ChromeDriver: chrome on WINDOWS (d0c4b9d7a88c55f61e3b47109ff71406)] -> id: models]
2023-05-18 14:05:528 INFO  NewAndUsedCarSearchPage :55 - Select model dropdown :  [[ChromeDriver: chrome on WINDOWS (d0c4b9d7a88c55f61e3b47109ff71406)] -> id: locations]
2023-05-18 14:05:748 INFO  NewAndUsedCarSearchPage :59 - Select model dropdown :  [[ChromeDriver: chrome on WINDOWS (d0c4b9d7a88c55f61e3b47109ff71406)] -> id: priceTo]
2023-05-18 14:05:563 INFO  NewAndUsedCarSearchPage :63 - Click on Find my next car :  [[ChromeDriver: chrome on WINDOWS (d0c4b9d7a88c55f61e3b47109ff71406)] -> id: search-submit]
2023-05-18 14:05:588 INFO  HomePage :31 - Mouse hover to element [[ChromeDriver: chrome on WINDOWS (fd38992d902f5fb0c6c8e8a85639de24)] -> xpath: //a[normalize-space()='buy + sell']]
2023-05-18 14:05:318 INFO  HomePage :40 - Click used link : [[ChromeDriver: chrome on WINDOWS (fd38992d902f5fb0c6c8e8a85639de24)] -> xpath: //a[normalize-space()='Used']]
2023-05-18 14:05:682 INFO  UsedCarSearchPage :22 - Navigated to Used cars For sale page:  [[ChromeDriver: chrome on WINDOWS (fd38992d902f5fb0c6c8e8a85639de24)] -> xpath: //h1]
2023-05-18 14:05:937 INFO  NewAndUsedCarSearchPage :46 - Select makes dropdown :  [[ChromeDriver: chrome on WINDOWS (fd38992d902f5fb0c6c8e8a85639de24)] -> id: makes]
2023-05-18 14:05:223 INFO  NewAndUsedCarSearchPage :51 - Select model dropdown :  [[ChromeDriver: chrome on WINDOWS (fd38992d902f5fb0c6c8e8a85639de24)] -> id: models]
2023-05-18 14:05:452 INFO  NewAndUsedCarSearchPage :55 - Select model dropdown :  [[ChromeDriver: chrome on WINDOWS (fd38992d902f5fb0c6c8e8a85639de24)] -> id: locations]
2023-05-18 14:05:667 INFO  NewAndUsedCarSearchPage :59 - Select model dropdown :  [[ChromeDriver: chrome on WINDOWS (fd38992d902f5fb0c6c8e8a85639de24)] -> id: priceTo]
2023-05-18 14:05:58 INFO  NewAndUsedCarSearchPage :63 - Click on Find my next car :  [[ChromeDriver: chrome on WINDOWS (fd38992d902f5fb0c6c8e8a85639de24)] -> id: search-submit]
2023-05-18 14:05:682 INFO  HomePage :31 - Mouse hover to element [[ChromeDriver: chrome on WINDOWS (65118ff19f6eafeb05f22655dfe5563f)] -> xpath: //a[normalize-space()='buy + sell']]
2023-05-18 14:05:311 INFO  HomePage :40 - Click used link : [[ChromeDriver: chrome on WINDOWS (65118ff19f6eafeb05f22655dfe5563f)] -> xpath: //a[normalize-space()='Used']]
2023-05-18 14:05:759 INFO  UsedCarSearchPage :22 - Navigated to Used cars For sale page:  [[ChromeDriver: chrome on WINDOWS (65118ff19f6eafeb05f22655dfe5563f)] -> xpath: //h1]
2023-05-18 14:05:92 INFO  NewAndUsedCarSearchPage :46 - Select makes dropdown :  [[ChromeDriver: chrome on WINDOWS (65118ff19f6eafeb05f22655dfe5563f)] -> id: makes]
2023-05-18 14:05:318 INFO  NewAndUsedCarSearchPage :51 - Select model dropdown :  [[ChromeDriver: chrome on WINDOWS (65118ff19f6eafeb05f22655dfe5563f)] -> id: models]
2023-05-18 14:05:539 INFO  NewAndUsedCarSearchPage :55 - Select model dropdown :  [[ChromeDriver: chrome on WINDOWS (65118ff19f6eafeb05f22655dfe5563f)] -> id: locations]
2023-05-18 14:05:745 INFO  NewAndUsedCarSearchPage :59 - Select model dropdown :  [[ChromeDriver: chrome on WINDOWS (65118ff19f6eafeb05f22655dfe5563f)] -> id: priceTo]
2023-05-18 14:05:38 INFO  NewAndUsedCarSearchPage :63 - Click on Find my next car :  [[ChromeDriver: chrome on WINDOWS (65118ff19f6eafeb05f22655dfe5563f)] -> id: search-submit]
2023-05-18 14:05:362 INFO  HomePage :31 - Mouse hover to element [[ChromeDriver: chrome on WINDOWS (931ce39a227460ee1beb27e53949bb3a)] -> xpath: //a[normalize-space()='buy + sell']]
2023-05-18 14:05:501 INFO  HomePage :40 - Click used link : [[ChromeDriver: chrome on WINDOWS (931ce39a227460ee1beb27e53949bb3a)] -> xpath: //a[normalize-space()='Used']]
2023-05-18 14:05:970 INFO  UsedCarSearchPage :22 - Navigated to Used cars For sale page:  [[ChromeDriver: chrome on WINDOWS (931ce39a227460ee1beb27e53949bb3a)] -> xpath: //h1]
2023-05-18 14:05:185 INFO  NewAndUsedCarSearchPage :46 - Select makes dropdown :  [[ChromeDriver: chrome on WINDOWS (931ce39a227460ee1beb27e53949bb3a)] -> id: makes]
2023-05-18 14:05:449 INFO  NewAndUsedCarSearchPage :51 - Select model dropdown :  [[ChromeDriver: chrome on WINDOWS (931ce39a227460ee1beb27e53949bb3a)] -> id: models]
2023-05-18 14:05:653 INFO  NewAndUsedCarSearchPage :55 - Select model dropdown :  [[ChromeDriver: chrome on WINDOWS (931ce39a227460ee1beb27e53949bb3a)] -> id: locations]
2023-05-18 14:05:847 INFO  NewAndUsedCarSearchPage :59 - Select model dropdown :  [[ChromeDriver: chrome on WINDOWS (931ce39a227460ee1beb27e53949bb3a)] -> id: priceTo]
2023-05-18 14:05:687 INFO  NewAndUsedCarSearchPage :63 - Click on Find my next car :  [[ChromeDriver: chrome on WINDOWS (931ce39a227460ee1beb27e53949bb3a)] -> id: search-submit]
2023-05-18 14:05:161 INFO  HomePage :31 - Mouse hover to element [[ChromeDriver: chrome on WINDOWS (cececd9232b56ee757dd98a93a0ff7e8)] -> xpath: //a[normalize-space()='buy + sell']]
2023-05-18 14:05:159 INFO  HomePage :35 - Click search cars link : [[ChromeDriver: chrome on WINDOWS (cececd9232b56ee757dd98a93a0ff7e8)] -> xpath: //a[normalize-space()='Search Cars']]
2023-05-18 14:05:548 INFO  NewAndUsedCarSearchPage :41 - Navigated to Used cars For sale page:  [[ChromeDriver: chrome on WINDOWS (cececd9232b56ee757dd98a93a0ff7e8)] -> xpath: //h1]
2023-05-18 14:05:933 INFO  NewAndUsedCarSearchPage :46 - Select makes dropdown :  [[ChromeDriver: chrome on WINDOWS (cececd9232b56ee757dd98a93a0ff7e8)] -> id: makes]
2023-05-18 14:05:196 INFO  NewAndUsedCarSearchPage :50 - Select model dropdown :  [[ChromeDriver: chrome on WINDOWS (cececd9232b56ee757dd98a93a0ff7e8)] -> id: models]
2023-05-18 14:05:473 INFO  NewAndUsedCarSearchPage :54 - Select model dropdown :  [[ChromeDriver: chrome on WINDOWS (cececd9232b56ee757dd98a93a0ff7e8)] -> id: locations]
2023-05-18 14:05:709 INFO  NewAndUsedCarSearchPage :58 - Select model dropdown :  [[ChromeDriver: chrome on WINDOWS (cececd9232b56ee757dd98a93a0ff7e8)] -> id: priceTo]
2023-05-18 14:05:347 INFO  NewAndUsedCarSearchPage :62 - Click on Find my next car :  [[ChromeDriver: chrome on WINDOWS (cececd9232b56ee757dd98a93a0ff7e8)] -> id: search-submit]
2023-05-18 14:05:553 INFO  ResultPage :22 - Getting result from making the car : [[ChromeDriver: chrome on WINDOWS (cececd9232b56ee757dd98a93a0ff7e8)] -> xpath: //div[@class='listing-col listing-col-title col-sm-16 col-md-12 col-lg-13 col']]
2023-05-18 14:05:381 INFO  HomePage :31 - Mouse hover to element [[ChromeDriver: chrome on WINDOWS (0755a203937263a9080fada5106a9120)] -> xpath: //a[normalize-space()='buy + sell']]
2023-05-18 14:05:148 INFO  HomePage :35 - Click search cars link : [[ChromeDriver: chrome on WINDOWS (0755a203937263a9080fada5106a9120)] -> xpath: //a[normalize-space()='Search Cars']]
2023-05-18 14:05:566 INFO  NewAndUsedCarSearchPage :41 - Navigated to Used cars For sale page:  [[ChromeDriver: chrome on WINDOWS (0755a203937263a9080fada5106a9120)] -> xpath: //h1]
2023-05-18 14:05:851 INFO  NewAndUsedCarSearchPage :46 - Select makes dropdown :  [[ChromeDriver: chrome on WINDOWS (0755a203937263a9080fada5106a9120)] -> id: makes]
2023-05-18 14:05:53 INFO  NewAndUsedCarSearchPage :50 - Select model dropdown :  [[ChromeDriver: chrome on WINDOWS (0755a203937263a9080fada5106a9120)] -> id: models]
2023-05-18 14:05:297 INFO  NewAndUsedCarSearchPage :54 - Select model dropdown :  [[ChromeDriver: chrome on WINDOWS (0755a203937263a9080fada5106a9120)] -> id: locations]
2023-05-18 14:05:502 INFO  NewAndUsedCarSearchPage :58 - Select model dropdown :  [[ChromeDriver: chrome on WINDOWS (0755a203937263a9080fada5106a9120)] -> id: priceTo]
2023-05-18 14:05:388 INFO  NewAndUsedCarSearchPage :62 - Click on Find my next car :  [[ChromeDriver: chrome on WINDOWS (0755a203937263a9080fada5106a9120)] -> id: search-submit]
2023-05-18 14:05:834 INFO  ResultPage :22 - Getting result from making the car : [[ChromeDriver: chrome on WINDOWS (0755a203937263a9080fada5106a9120)] -> xpath: //div[@class='listing-col listing-col-title col-sm-16 col-md-12 col-lg-13 col']]
2023-05-18 14:05:246 INFO  HomePage :31 - Mouse hover to element [[ChromeDriver: chrome on WINDOWS (a0c600a1c2b9a0001be5720813f69b0d)] -> xpath: //a[normalize-space()='buy + sell']]
2023-05-18 14:05:131 INFO  HomePage :35 - Click search cars link : [[ChromeDriver: chrome on WINDOWS (a0c600a1c2b9a0001be5720813f69b0d)] -> xpath: //a[normalize-space()='Search Cars']]
2023-05-18 14:05:259 INFO  NewAndUsedCarSearchPage :41 - Navigated to Used cars For sale page:  [[ChromeDriver: chrome on WINDOWS (a0c600a1c2b9a0001be5720813f69b0d)] -> xpath: //h1]
2023-05-18 14:05:782 INFO  NewAndUsedCarSearchPage :46 - Select makes dropdown :  [[ChromeDriver: chrome on WINDOWS (a0c600a1c2b9a0001be5720813f69b0d)] -> id: makes]
2023-05-18 14:05:41 INFO  NewAndUsedCarSearchPage :50 - Select model dropdown :  [[ChromeDriver: chrome on WINDOWS (a0c600a1c2b9a0001be5720813f69b0d)] -> id: models]
2023-05-18 14:05:267 INFO  NewAndUsedCarSearchPage :54 - Select model dropdown :  [[ChromeDriver: chrome on WINDOWS (a0c600a1c2b9a0001be5720813f69b0d)] -> id: locations]
2023-05-18 14:05:493 INFO  NewAndUsedCarSearchPage :58 - Select model dropdown :  [[ChromeDriver: chrome on WINDOWS (a0c600a1c2b9a0001be5720813f69b0d)] -> id: priceTo]
2023-05-18 14:05:218 INFO  NewAndUsedCarSearchPage :62 - Click on Find my next car :  [[ChromeDriver: chrome on WINDOWS (a0c600a1c2b9a0001be5720813f69b0d)] -> id: search-submit]
2023-05-18 14:05:345 INFO  ResultPage :22 - Getting result from making the car : [[ChromeDriver: chrome on WINDOWS (a0c600a1c2b9a0001be5720813f69b0d)] -> xpath: //div[@class='listing-col listing-col-title col-sm-16 col-md-12 col-lg-13 col']]
2023-05-18 14:05:210 INFO  HomePage :31 - Mouse hover to element [[ChromeDriver: chrome on WINDOWS (935befa432fe0906ca184a05ddd3e464)] -> xpath: //a[normalize-space()='buy + sell']]
2023-05-18 14:05:741 INFO  HomePage :35 - Click search cars link : [[ChromeDriver: chrome on WINDOWS (935befa432fe0906ca184a05ddd3e464)] -> xpath: //a[normalize-space()='Search Cars']]
2023-05-18 14:05:175 INFO  NewAndUsedCarSearchPage :41 - Navigated to Used cars For sale page:  [[ChromeDriver: chrome on WINDOWS (935befa432fe0906ca184a05ddd3e464)] -> xpath: //h1]
2023-05-18 14:05:379 INFO  NewAndUsedCarSearchPage :46 - Select makes dropdown :  [[ChromeDriver: chrome on WINDOWS (935befa432fe0906ca184a05ddd3e464)] -> id: makes]
2023-05-18 14:05:658 INFO  NewAndUsedCarSearchPage :50 - Select model dropdown :  [[ChromeDriver: chrome on WINDOWS (935befa432fe0906ca184a05ddd3e464)] -> id: models]
2023-05-18 14:05:855 INFO  NewAndUsedCarSearchPage :54 - Select model dropdown :  [[ChromeDriver: chrome on WINDOWS (935befa432fe0906ca184a05ddd3e464)] -> id: locations]
2023-05-18 14:05:70 INFO  NewAndUsedCarSearchPage :58 - Select model dropdown :  [[ChromeDriver: chrome on WINDOWS (935befa432fe0906ca184a05ddd3e464)] -> id: priceTo]
2023-05-18 14:05:658 INFO  NewAndUsedCarSearchPage :62 - Click on Find my next car :  [[ChromeDriver: chrome on WINDOWS (935befa432fe0906ca184a05ddd3e464)] -> id: search-submit]
2023-05-18 14:05:96 INFO  ResultPage :22 - Getting result from making the car : [[ChromeDriver: chrome on WINDOWS (935befa432fe0906ca184a05ddd3e464)] -> xpath: //div[@class='listing-col listing-col-title col-sm-16 col-md-12 col-lg-13 col']]
2023-05-18 14:05:594 INFO  HomePage :31 - Mouse hover to element [[ChromeDriver: chrome on WINDOWS (0c590faad44e3ef7c303775e2be7589e)] -> xpath: //a[normalize-space()='buy + sell']]
2023-05-18 14:05:804 INFO  HomePage :35 - Click search cars link : [[ChromeDriver: chrome on WINDOWS (0c590faad44e3ef7c303775e2be7589e)] -> xpath: //a[normalize-space()='Search Cars']]
2023-05-18 14:05:977 INFO  NewAndUsedCarSearchPage :41 - Navigated to Used cars For sale page:  [[ChromeDriver: chrome on WINDOWS (0c590faad44e3ef7c303775e2be7589e)] -> xpath: //h1]
2023-05-18 14:05:594 INFO  NewAndUsedCarSearchPage :46 - Select makes dropdown :  [[ChromeDriver: chrome on WINDOWS (0c590faad44e3ef7c303775e2be7589e)] -> id: makes]
2023-05-18 14:05:796 INFO  NewAndUsedCarSearchPage :50 - Select model dropdown :  [[ChromeDriver: chrome on WINDOWS (0c590faad44e3ef7c303775e2be7589e)] -> id: models]
2023-05-18 14:05:14 INFO  NewAndUsedCarSearchPage :54 - Select model dropdown :  [[ChromeDriver: chrome on WINDOWS (0c590faad44e3ef7c303775e2be7589e)] -> id: locations]
2023-05-18 14:05:241 INFO  NewAndUsedCarSearchPage :58 - Select model dropdown :  [[ChromeDriver: chrome on WINDOWS (0c590faad44e3ef7c303775e2be7589e)] -> id: priceTo]
2023-05-18 14:05:146 INFO  NewAndUsedCarSearchPage :62 - Click on Find my next car :  [[ChromeDriver: chrome on WINDOWS (0c590faad44e3ef7c303775e2be7589e)] -> id: search-submit]
2023-05-18 14:05:313 INFO  ResultPage :22 - Getting result from making the car : [[ChromeDriver: chrome on WINDOWS (0c590faad44e3ef7c303775e2be7589e)] -> xpath: //div[@class='listing-col listing-col-title col-sm-16 col-md-12 col-lg-13 col']]
2023-05-18 14:05:108 INFO  HomePage :31 - Mouse hover to element [[ChromeDriver: chrome on WINDOWS (921c199b0fabf55ddbf23bb1ab29473b)] -> xpath: //a[normalize-space()='buy + sell']]
2023-05-18 14:05:928 INFO  HomePage :35 - Click search cars link : [[ChromeDriver: chrome on WINDOWS (921c199b0fabf55ddbf23bb1ab29473b)] -> xpath: //a[normalize-space()='Search Cars']]
2023-05-18 14:05:328 INFO  NewAndUsedCarSearchPage :41 - Navigated to Used cars For sale page:  [[ChromeDriver: chrome on WINDOWS (921c199b0fabf55ddbf23bb1ab29473b)] -> xpath: //h1]
2023-05-18 14:05:573 INFO  NewAndUsedCarSearchPage :46 - Select makes dropdown :  [[ChromeDriver: chrome on WINDOWS (921c199b0fabf55ddbf23bb1ab29473b)] -> id: makes]
2023-05-18 14:05:871 INFO  NewAndUsedCarSearchPage :50 - Select model dropdown :  [[ChromeDriver: chrome on WINDOWS (921c199b0fabf55ddbf23bb1ab29473b)] -> id: models]
2023-05-18 14:05:67 INFO  NewAndUsedCarSearchPage :54 - Select model dropdown :  [[ChromeDriver: chrome on WINDOWS (921c199b0fabf55ddbf23bb1ab29473b)] -> id: locations]
2023-05-18 14:05:279 INFO  NewAndUsedCarSearchPage :58 - Select model dropdown :  [[ChromeDriver: chrome on WINDOWS (921c199b0fabf55ddbf23bb1ab29473b)] -> id: priceTo]
2023-05-18 14:05:724 INFO  NewAndUsedCarSearchPage :62 - Click on Find my next car :  [[ChromeDriver: chrome on WINDOWS (921c199b0fabf55ddbf23bb1ab29473b)] -> id: search-submit]
2023-05-18 14:05:865 INFO  ResultPage :22 - Getting result from making the car : [[ChromeDriver: chrome on WINDOWS (921c199b0fabf55ddbf23bb1ab29473b)] -> xpath: //div[@class='listing-col listing-col-title col-sm-16 col-md-12 col-lg-13 col']]
2023-05-18 22:05:514 INFO  HomePage :34 - Mouse hover to element [[ChromeDriver: chrome on WINDOWS (5190d065a8550907102c7aaf9677e0cf)] -> xpath: //a[normalize-space()='buy + sell']]
2023-05-18 22:05:578 INFO  HomePage :34 - Mouse hover to element [[ChromeDriver: chrome on WINDOWS (4664b38b7a13cd5d6dbca89f9a1b2b96)] -> xpath: //a[normalize-space()='buy + sell']]
2023-05-18 22:05:79 INFO  HomePage :34 - Mouse hover to element [[ChromeDriver: chrome on WINDOWS (b5979096fa3f3f78cdc4d1cf711e20cf)] -> xpath: //a[normalize-space()='buy + sell']]
2023-05-18 22:05:62 INFO  HomePage :38 - Click search cars link : [[ChromeDriver: chrome on WINDOWS (b5979096fa3f3f78cdc4d1cf711e20cf)] -> xpath: //a[normalize-space()='Search Cars']]
2023-05-18 22:05:221 INFO  NewAndUsedCarSearchPage :41 - Navigated to Used cars For sale page:  [[ChromeDriver: chrome on WINDOWS (b5979096fa3f3f78cdc4d1cf711e20cf)] -> xpath: //h1]
2023-05-18 22:05:451 INFO  NewAndUsedCarSearchPage :46 - Select makes dropdown :  [[ChromeDriver: chrome on WINDOWS (b5979096fa3f3f78cdc4d1cf711e20cf)] -> id: makes]
2023-05-18 22:05:608 INFO  NewAndUsedCarSearchPage :50 - Select model dropdown :  [[ChromeDriver: chrome on WINDOWS (b5979096fa3f3f78cdc4d1cf711e20cf)] -> id: models]
2023-05-18 22:05:795 INFO  NewAndUsedCarSearchPage :54 - Select model dropdown :  [[ChromeDriver: chrome on WINDOWS (b5979096fa3f3f78cdc4d1cf711e20cf)] -> id: locations]
2023-05-18 22:05:969 INFO  NewAndUsedCarSearchPage :58 - Select model dropdown :  [[ChromeDriver: chrome on WINDOWS (b5979096fa3f3f78cdc4d1cf711e20cf)] -> id: priceTo]
2023-05-18 22:05:46 INFO  NewAndUsedCarSearchPage :62 - Click on Find my next car :  [[ChromeDriver: chrome on WINDOWS (b5979096fa3f3f78cdc4d1cf711e20cf)] -> id: search-submit]
2023-05-18 22:05:332 INFO  ResultPage :22 - Getting result from making the car : [[ChromeDriver: chrome on WINDOWS (b5979096fa3f3f78cdc4d1cf711e20cf)] -> xpath: //div[@class='listing-col listing-col-title col-sm-16 col-md-12 col-lg-13 col']]
2023-05-18 22:05:377 INFO  HomePage :34 - Mouse hover to element [[ChromeDriver: chrome on WINDOWS (6aed056972e807b9813a1fc893b2c641)] -> xpath: //a[normalize-space()='buy + sell']]
2023-05-18 22:05:714 INFO  HomePage :38 - Click search cars link : [[ChromeDriver: chrome on WINDOWS (6aed056972e807b9813a1fc893b2c641)] -> xpath: //a[normalize-space()='Search Cars']]
2023-05-18 22:05:509 INFO  NewAndUsedCarSearchPage :41 - Navigated to Used cars For sale page:  [[ChromeDriver: chrome on WINDOWS (6aed056972e807b9813a1fc893b2c641)] -> xpath: //h1]
2023-05-18 22:05:153 INFO  NewAndUsedCarSearchPage :46 - Select makes dropdown :  [[ChromeDriver: chrome on WINDOWS (6aed056972e807b9813a1fc893b2c641)] -> id: makes]
2023-05-18 22:05:483 INFO  NewAndUsedCarSearchPage :50 - Select model dropdown :  [[ChromeDriver: chrome on WINDOWS (6aed056972e807b9813a1fc893b2c641)] -> id: models]
2023-05-18 22:05:676 INFO  NewAndUsedCarSearchPage :54 - Select model dropdown :  [[ChromeDriver: chrome on WINDOWS (6aed056972e807b9813a1fc893b2c641)] -> id: locations]
2023-05-18 22:05:800 INFO  NewAndUsedCarSearchPage :58 - Select model dropdown :  [[ChromeDriver: chrome on WINDOWS (6aed056972e807b9813a1fc893b2c641)] -> id: priceTo]
2023-05-18 22:05:614 INFO  NewAndUsedCarSearchPage :62 - Click on Find my next car :  [[ChromeDriver: chrome on WINDOWS (6aed056972e807b9813a1fc893b2c641)] -> id: search-submit]
2023-05-18 22:05:871 INFO  ResultPage :22 - Getting result from making the car : [[ChromeDriver: chrome on WINDOWS (6aed056972e807b9813a1fc893b2c641)] -> xpath: //div[@class='listing-col listing-col-title col-sm-16 col-md-12 col-lg-13 col']]
2023-05-18 22:05:578 INFO  HomePage :34 - Mouse hover to element [[ChromeDriver: chrome on WINDOWS (4e837d9280f84583ca88ba856626fba9)] -> xpath: //a[normalize-space()='buy + sell']]
2023-05-18 22:05:974 INFO  HomePage :38 - Click search cars link : [[ChromeDriver: chrome on WINDOWS (4e837d9280f84583ca88ba856626fba9)] -> xpath: //a[normalize-space()='Search Cars']]
2023-05-18 22:05:343 INFO  NewAndUsedCarSearchPage :41 - Navigated to Used cars For sale page:  [[ChromeDriver: chrome on WINDOWS (4e837d9280f84583ca88ba856626fba9)] -> xpath: //h1]
2023-05-18 22:05:107 INFO  NewAndUsedCarSearchPage :46 - Select makes dropdown :  [[ChromeDriver: chrome on WINDOWS (4e837d9280f84583ca88ba856626fba9)] -> id: makes]
2023-05-18 22:05:455 INFO  NewAndUsedCarSearchPage :50 - Select model dropdown :  [[ChromeDriver: chrome on WINDOWS (4e837d9280f84583ca88ba856626fba9)] -> id: models]
2023-05-18 22:05:611 INFO  NewAndUsedCarSearchPage :54 - Select model dropdown :  [[ChromeDriver: chrome on WINDOWS (4e837d9280f84583ca88ba856626fba9)] -> id: locations]
2023-05-18 22:05:786 INFO  NewAndUsedCarSearchPage :58 - Select model dropdown :  [[ChromeDriver: chrome on WINDOWS (4e837d9280f84583ca88ba856626fba9)] -> id: priceTo]
2023-05-18 22:05:725 INFO  NewAndUsedCarSearchPage :62 - Click on Find my next car :  [[ChromeDriver: chrome on WINDOWS (4e837d9280f84583ca88ba856626fba9)] -> id: search-submit]
2023-05-18 22:05:789 INFO  ResultPage :22 - Getting result from making the car : [[ChromeDriver: chrome on WINDOWS (4e837d9280f84583ca88ba856626fba9)] -> xpath: //div[@class='listing-col listing-col-title col-sm-16 col-md-12 col-lg-13 col']]
2023-05-18 22:05:81 INFO  HomePage :34 - Mouse hover to element [[ChromeDriver: chrome on WINDOWS (e18eb1f1b0a9bc573747800c5f907525)] -> xpath: //a[normalize-space()='buy + sell']]
2023-05-18 22:05:506 INFO  HomePage :38 - Click search cars link : [[ChromeDriver: chrome on WINDOWS (e18eb1f1b0a9bc573747800c5f907525)] -> xpath: //a[normalize-space()='Search Cars']]
2023-05-18 22:05:659 INFO  NewAndUsedCarSearchPage :41 - Navigated to Used cars For sale page:  [[ChromeDriver: chrome on WINDOWS (e18eb1f1b0a9bc573747800c5f907525)] -> xpath: //h1]
2023-05-18 22:05:44 INFO  NewAndUsedCarSearchPage :46 - Select makes dropdown :  [[ChromeDriver: chrome on WINDOWS (e18eb1f1b0a9bc573747800c5f907525)] -> id: makes]
2023-05-18 22:05:717 INFO  NewAndUsedCarSearchPage :50 - Select model dropdown :  [[ChromeDriver: chrome on WINDOWS (e18eb1f1b0a9bc573747800c5f907525)] -> id: models]
2023-05-18 22:05:856 INFO  NewAndUsedCarSearchPage :54 - Select model dropdown :  [[ChromeDriver: chrome on WINDOWS (e18eb1f1b0a9bc573747800c5f907525)] -> id: locations]
2023-05-18 22:05:11 INFO  NewAndUsedCarSearchPage :58 - Select model dropdown :  [[ChromeDriver: chrome on WINDOWS (e18eb1f1b0a9bc573747800c5f907525)] -> id: priceTo]
2023-05-18 22:05:872 INFO  NewAndUsedCarSearchPage :62 - Click on Find my next car :  [[ChromeDriver: chrome on WINDOWS (e18eb1f1b0a9bc573747800c5f907525)] -> id: search-submit]
2023-05-18 22:05:915 INFO  ResultPage :22 - Getting result from making the car : [[ChromeDriver: chrome on WINDOWS (e18eb1f1b0a9bc573747800c5f907525)] -> xpath: //div[@class='listing-col listing-col-title col-sm-16 col-md-12 col-lg-13 col']]
2023-05-18 22:05:916 INFO  HomePage :34 - Mouse hover to element [[ChromeDriver: chrome on WINDOWS (1a3ee16cd0aabb1e3ca1231a5bf95f6c)] -> xpath: //a[normalize-space()='buy + sell']]
2023-05-18 22:05:387 INFO  HomePage :38 - Click search cars link : [[ChromeDriver: chrome on WINDOWS (1a3ee16cd0aabb1e3ca1231a5bf95f6c)] -> xpath: //a[normalize-space()='Search Cars']]
2023-05-18 22:05:716 INFO  NewAndUsedCarSearchPage :41 - Navigated to Used cars For sale page:  [[ChromeDriver: chrome on WINDOWS (1a3ee16cd0aabb1e3ca1231a5bf95f6c)] -> xpath: //h1]
2023-05-18 22:05:885 INFO  NewAndUsedCarSearchPage :46 - Select makes dropdown :  [[ChromeDriver: chrome on WINDOWS (1a3ee16cd0aabb1e3ca1231a5bf95f6c)] -> id: makes]
2023-05-18 22:05:98 INFO  NewAndUsedCarSearchPage :50 - Select model dropdown :  [[ChromeDriver: chrome on WINDOWS (1a3ee16cd0aabb1e3ca1231a5bf95f6c)] -> id: models]
2023-05-18 22:05:261 INFO  NewAndUsedCarSearchPage :54 - Select model dropdown :  [[ChromeDriver: chrome on WINDOWS (1a3ee16cd0aabb1e3ca1231a5bf95f6c)] -> id: locations]
2023-05-18 22:05:446 INFO  NewAndUsedCarSearchPage :58 - Select model dropdown :  [[ChromeDriver: chrome on WINDOWS (1a3ee16cd0aabb1e3ca1231a5bf95f6c)] -> id: priceTo]
2023-05-18 22:05:371 INFO  NewAndUsedCarSearchPage :62 - Click on Find my next car :  [[ChromeDriver: chrome on WINDOWS (1a3ee16cd0aabb1e3ca1231a5bf95f6c)] -> id: search-submit]
2023-05-18 22:05:695 INFO  ResultPage :22 - Getting result from making the car : [[ChromeDriver: chrome on WINDOWS (1a3ee16cd0aabb1e3ca1231a5bf95f6c)] -> xpath: //div[@class='listing-col listing-col-title col-sm-16 col-md-12 col-lg-13 col']]
2023-05-18 22:05:32 INFO  HomePage :34 - Mouse hover to element [[ChromeDriver: chrome on WINDOWS (bea8cf0d6e9000547bf6475423bfa9f6)] -> xpath: //a[normalize-space()='buy + sell']]
2023-05-18 22:05:289 INFO  HomePage :38 - Click search cars link : [[ChromeDriver: chrome on WINDOWS (bea8cf0d6e9000547bf6475423bfa9f6)] -> xpath: //a[normalize-space()='Search Cars']]
2023-05-18 22:05:571 INFO  NewAndUsedCarSearchPage :41 - Navigated to Used cars For sale page:  [[ChromeDriver: chrome on WINDOWS (bea8cf0d6e9000547bf6475423bfa9f6)] -> xpath: //h1]
2023-05-18 22:05:783 INFO  NewAndUsedCarSearchPage :46 - Select makes dropdown :  [[ChromeDriver: chrome on WINDOWS (bea8cf0d6e9000547bf6475423bfa9f6)] -> id: makes]
2023-05-18 22:05:949 INFO  NewAndUsedCarSearchPage :50 - Select model dropdown :  [[ChromeDriver: chrome on WINDOWS (bea8cf0d6e9000547bf6475423bfa9f6)] -> id: models]
2023-05-18 22:05:150 INFO  NewAndUsedCarSearchPage :54 - Select model dropdown :  [[ChromeDriver: chrome on WINDOWS (bea8cf0d6e9000547bf6475423bfa9f6)] -> id: locations]
2023-05-18 22:05:335 INFO  NewAndUsedCarSearchPage :58 - Select model dropdown :  [[ChromeDriver: chrome on WINDOWS (bea8cf0d6e9000547bf6475423bfa9f6)] -> id: priceTo]
2023-05-18 22:05:232 INFO  NewAndUsedCarSearchPage :62 - Click on Find my next car :  [[ChromeDriver: chrome on WINDOWS (bea8cf0d6e9000547bf6475423bfa9f6)] -> id: search-submit]
2023-05-18 22:05:604 INFO  ResultPage :21 - Getting result from making the car : [[ChromeDriver: chrome on WINDOWS (bea8cf0d6e9000547bf6475423bfa9f6)] -> css selector: div[data-gtm-label='zero results page']:first-of-type]
2023-05-18 22:05:188 INFO  HomePage :34 - Mouse hover to element [[ChromeDriver: chrome on WINDOWS (90ab6a9c53a718c840e7b04a351b21af)] -> xpath: //a[normalize-space()='buy + sell']]
2023-05-18 22:05:461 INFO  HomePage :38 - Click search cars link : [[ChromeDriver: chrome on WINDOWS (90ab6a9c53a718c840e7b04a351b21af)] -> xpath: //a[normalize-space()='Search Cars']]
2023-05-18 22:05:647 INFO  NewAndUsedCarSearchPage :41 - Navigated to Used cars For sale page:  [[ChromeDriver: chrome on WINDOWS (90ab6a9c53a718c840e7b04a351b21af)] -> xpath: //h1]
2023-05-18 22:05:21 INFO  NewAndUsedCarSearchPage :46 - Select makes dropdown :  [[ChromeDriver: chrome on WINDOWS (90ab6a9c53a718c840e7b04a351b21af)] -> id: makes]
2023-05-18 22:05:197 INFO  NewAndUsedCarSearchPage :50 - Select model dropdown :  [[ChromeDriver: chrome on WINDOWS (90ab6a9c53a718c840e7b04a351b21af)] -> id: models]
2023-05-18 22:05:391 INFO  NewAndUsedCarSearchPage :54 - Select model dropdown :  [[ChromeDriver: chrome on WINDOWS (90ab6a9c53a718c840e7b04a351b21af)] -> id: locations]
2023-05-18 22:05:568 INFO  NewAndUsedCarSearchPage :58 - Select model dropdown :  [[ChromeDriver: chrome on WINDOWS (90ab6a9c53a718c840e7b04a351b21af)] -> id: priceTo]
2023-05-18 22:05:349 INFO  NewAndUsedCarSearchPage :62 - Click on Find my next car :  [[ChromeDriver: chrome on WINDOWS (90ab6a9c53a718c840e7b04a351b21af)] -> id: search-submit]
2023-05-18 22:05:582 INFO  ResultPage :21 - Getting result from making the car : [[ChromeDriver: chrome on WINDOWS (90ab6a9c53a718c840e7b04a351b21af)] -> css selector: div[data-gtm-label='zero results page']:first-of-type]
2023-05-18 22:05:488 INFO  HomePage :34 - Mouse hover to element [[ChromeDriver: chrome on WINDOWS (a065b68f74cc1698864f2bec8bdfa5b5)] -> xpath: //a[normalize-space()='buy + sell']]
2023-05-18 22:05:788 INFO  HomePage :38 - Click search cars link : [[ChromeDriver: chrome on WINDOWS (a065b68f74cc1698864f2bec8bdfa5b5)] -> xpath: //a[normalize-space()='Search Cars']]
2023-05-18 22:05:963 INFO  NewAndUsedCarSearchPage :41 - Navigated to Used cars For sale page:  [[ChromeDriver: chrome on WINDOWS (a065b68f74cc1698864f2bec8bdfa5b5)] -> xpath: //h1]
2023-05-18 22:05:351 INFO  NewAndUsedCarSearchPage :46 - Select makes dropdown :  [[ChromeDriver: chrome on WINDOWS (a065b68f74cc1698864f2bec8bdfa5b5)] -> id: makes]
2023-05-18 22:05:635 INFO  NewAndUsedCarSearchPage :50 - Select model dropdown :  [[ChromeDriver: chrome on WINDOWS (a065b68f74cc1698864f2bec8bdfa5b5)] -> id: models]
2023-05-18 22:05:794 INFO  NewAndUsedCarSearchPage :54 - Select model dropdown :  [[ChromeDriver: chrome on WINDOWS (a065b68f74cc1698864f2bec8bdfa5b5)] -> id: locations]
2023-05-18 22:05:965 INFO  NewAndUsedCarSearchPage :58 - Select model dropdown :  [[ChromeDriver: chrome on WINDOWS (a065b68f74cc1698864f2bec8bdfa5b5)] -> id: priceTo]
2023-05-18 22:05:623 INFO  NewAndUsedCarSearchPage :62 - Click on Find my next car :  [[ChromeDriver: chrome on WINDOWS (a065b68f74cc1698864f2bec8bdfa5b5)] -> id: search-submit]
2023-05-18 22:05:974 INFO  ResultPage :21 - Getting result from making the car : [[ChromeDriver: chrome on WINDOWS (a065b68f74cc1698864f2bec8bdfa5b5)] -> css selector: div[data-gtm-label='zero results page']:first-of-type]
2023-05-18 22:05:419 INFO  HomePage :34 - Mouse hover to element [[ChromeDriver: chrome on WINDOWS (234bda2b82bd68062f82ce818d3a2c59)] -> xpath: //a[normalize-space()='buy + sell']]
2023-05-18 22:05:938 INFO  HomePage :38 - Click search cars link : [[ChromeDriver: chrome on WINDOWS (234bda2b82bd68062f82ce818d3a2c59)] -> xpath: //a[normalize-space()='Search Cars']]
2023-05-18 22:05:706 INFO  NewAndUsedCarSearchPage :41 - Navigated to Used cars For sale page:  [[ChromeDriver: chrome on WINDOWS (234bda2b82bd68062f82ce818d3a2c59)] -> xpath: //h1]
2023-05-18 22:05:208 INFO  NewAndUsedCarSearchPage :46 - Select makes dropdown :  [[ChromeDriver: chrome on WINDOWS (234bda2b82bd68062f82ce818d3a2c59)] -> id: makes]
2023-05-18 22:05:559 INFO  NewAndUsedCarSearchPage :50 - Select model dropdown :  [[ChromeDriver: chrome on WINDOWS (234bda2b82bd68062f82ce818d3a2c59)] -> id: models]
2023-05-18 22:05:865 INFO  NewAndUsedCarSearchPage :54 - Select model dropdown :  [[ChromeDriver: chrome on WINDOWS (234bda2b82bd68062f82ce818d3a2c59)] -> id: locations]
2023-05-18 22:05:187 INFO  NewAndUsedCarSearchPage :58 - Select model dropdown :  [[ChromeDriver: chrome on WINDOWS (234bda2b82bd68062f82ce818d3a2c59)] -> id: priceTo]
2023-05-18 22:05:665 INFO  NewAndUsedCarSearchPage :62 - Click on Find my next car :  [[ChromeDriver: chrome on WINDOWS (234bda2b82bd68062f82ce818d3a2c59)] -> id: search-submit]
2023-05-18 22:05:99 INFO  ResultPage :21 - Getting result from making the car : [[ChromeDriver: chrome on WINDOWS (234bda2b82bd68062f82ce818d3a2c59)] -> css selector: div[data-gtm-label='zero results page']:first-of-type]
2023-05-18 22:05:27 INFO  HomePage :34 - Mouse hover to element [[ChromeDriver: chrome on WINDOWS (9b789db6110721659e4ac72442daffdd)] -> xpath: //a[normalize-space()='buy + sell']]
2023-05-18 22:05:229 INFO  HomePage :38 - Click search cars link : [[ChromeDriver: chrome on WINDOWS (9b789db6110721659e4ac72442daffdd)] -> xpath: //a[normalize-space()='Search Cars']]
2023-05-18 22:05:979 INFO  NewAndUsedCarSearchPage :41 - Navigated to Used cars For sale page:  [[ChromeDriver: chrome on WINDOWS (9b789db6110721659e4ac72442daffdd)] -> xpath: //h1]
2023-05-18 22:05:495 INFO  NewAndUsedCarSearchPage :46 - Select makes dropdown :  [[ChromeDriver: chrome on WINDOWS (9b789db6110721659e4ac72442daffdd)] -> id: makes]
2023-05-18 22:05:124 INFO  NewAndUsedCarSearchPage :50 - Select model dropdown :  [[ChromeDriver: chrome on WINDOWS (9b789db6110721659e4ac72442daffdd)] -> id: models]
2023-05-18 22:05:429 INFO  NewAndUsedCarSearchPage :54 - Select model dropdown :  [[ChromeDriver: chrome on WINDOWS (9b789db6110721659e4ac72442daffdd)] -> id: locations]
2023-05-18 22:05:711 INFO  NewAndUsedCarSearchPage :58 - Select model dropdown :  [[ChromeDriver: chrome on WINDOWS (9b789db6110721659e4ac72442daffdd)] -> id: priceTo]
2023-05-18 22:05:526 INFO  NewAndUsedCarSearchPage :62 - Click on Find my next car :  [[ChromeDriver: chrome on WINDOWS (9b789db6110721659e4ac72442daffdd)] -> id: search-submit]
2023-05-18 22:05:651 INFO  ResultPage :21 - Getting result from making the car : [[ChromeDriver: chrome on WINDOWS (9b789db6110721659e4ac72442daffdd)] -> css selector: div[data-gtm-label='zero results page']:first-of-type]
2023-05-18 22:05:580 INFO  HomePage :34 - Mouse hover to element [[ChromeDriver: chrome on WINDOWS (2601adb856e0ed5c8bf58798541235c5)] -> xpath: //a[normalize-space()='buy + sell']]
2023-05-18 22:05:71 INFO  HomePage :38 - Click search cars link : [[ChromeDriver: chrome on WINDOWS (2601adb856e0ed5c8bf58798541235c5)] -> xpath: //a[normalize-space()='Search Cars']]
2023-05-18 22:05:760 INFO  NewAndUsedCarSearchPage :41 - Navigated to Used cars For sale page:  [[ChromeDriver: chrome on WINDOWS (2601adb856e0ed5c8bf58798541235c5)] -> xpath: //h1]
2023-05-18 22:05:47 INFO  NewAndUsedCarSearchPage :46 - Select makes dropdown :  [[ChromeDriver: chrome on WINDOWS (2601adb856e0ed5c8bf58798541235c5)] -> id: makes]
2023-05-18 22:05:349 INFO  NewAndUsedCarSearchPage :50 - Select model dropdown :  [[ChromeDriver: chrome on WINDOWS (2601adb856e0ed5c8bf58798541235c5)] -> id: models]
2023-05-18 22:05:584 INFO  NewAndUsedCarSearchPage :54 - Select model dropdown :  [[ChromeDriver: chrome on WINDOWS (2601adb856e0ed5c8bf58798541235c5)] -> id: locations]
2023-05-18 22:05:818 INFO  NewAndUsedCarSearchPage :58 - Select model dropdown :  [[ChromeDriver: chrome on WINDOWS (2601adb856e0ed5c8bf58798541235c5)] -> id: priceTo]
2023-05-18 22:05:254 INFO  NewAndUsedCarSearchPage :62 - Click on Find my next car :  [[ChromeDriver: chrome on WINDOWS (2601adb856e0ed5c8bf58798541235c5)] -> id: search-submit]
2023-05-18 22:05:367 INFO  ResultPage :21 - Getting result from making the car : [[ChromeDriver: chrome on WINDOWS (2601adb856e0ed5c8bf58798541235c5)] -> css selector: div[data-gtm-label='zero results page']:first-of-type]
2023-05-18 22:05:05 INFO  HomePage :34 - Mouse hover to element [[ChromeDriver: chrome on WINDOWS (9a02fb3ae5e6d85048afced726459bf0)] -> xpath: //a[normalize-space()='buy + sell']]
2023-05-18 22:05:775 INFO  HomePage :38 - Click search cars link : [[ChromeDriver: chrome on WINDOWS (9a02fb3ae5e6d85048afced726459bf0)] -> xpath: //a[normalize-space()='Search Cars']]
2023-05-18 22:05:278 INFO  NewAndUsedCarSearchPage :41 - Navigated to Used cars For sale page:  [[ChromeDriver: chrome on WINDOWS (9a02fb3ae5e6d85048afced726459bf0)] -> xpath: //h1]
2023-05-18 22:05:745 INFO  NewAndUsedCarSearchPage :46 - Select makes dropdown :  [[ChromeDriver: chrome on WINDOWS (9a02fb3ae5e6d85048afced726459bf0)] -> id: makes]
2023-05-18 22:05:23 INFO  NewAndUsedCarSearchPage :50 - Select model dropdown :  [[ChromeDriver: chrome on WINDOWS (9a02fb3ae5e6d85048afced726459bf0)] -> id: models]
2023-05-18 22:05:295 INFO  NewAndUsedCarSearchPage :54 - Select model dropdown :  [[ChromeDriver: chrome on WINDOWS (9a02fb3ae5e6d85048afced726459bf0)] -> id: locations]
2023-05-18 22:05:606 INFO  NewAndUsedCarSearchPage :58 - Select model dropdown :  [[ChromeDriver: chrome on WINDOWS (9a02fb3ae5e6d85048afced726459bf0)] -> id: priceTo]
2023-05-18 22:05:894 INFO  NewAndUsedCarSearchPage :62 - Click on Find my next car :  [[ChromeDriver: chrome on WINDOWS (9a02fb3ae5e6d85048afced726459bf0)] -> id: search-submit]
2023-05-18 22:05:713 INFO  ResultPage :21 - Getting result from making the car : [[ChromeDriver: chrome on WINDOWS (9a02fb3ae5e6d85048afced726459bf0)] -> css selector: div[data-gtm-label='zero results page']:first-of-type]
2023-05-18 22:05:712 INFO  HomePage :34 - Mouse hover to element [[ChromeDriver: chrome on WINDOWS (c67dbf1602ccafff94736d1fbe547c62)] -> xpath: //a[normalize-space()='buy + sell']]
2023-05-18 22:05:327 INFO  HomePage :38 - Click search cars link : [[ChromeDriver: chrome on WINDOWS (c67dbf1602ccafff94736d1fbe547c62)] -> xpath: //a[normalize-space()='Search Cars']]
2023-05-18 22:05:815 INFO  NewAndUsedCarSearchPage :41 - Navigated to Used cars For sale page:  [[ChromeDriver: chrome on WINDOWS (c67dbf1602ccafff94736d1fbe547c62)] -> xpath: //h1]
2023-05-18 22:05:750 INFO  NewAndUsedCarSearchPage :46 - Select makes dropdown :  [[ChromeDriver: chrome on WINDOWS (c67dbf1602ccafff94736d1fbe547c62)] -> id: makes]
2023-05-18 22:05:31 INFO  NewAndUsedCarSearchPage :50 - Select model dropdown :  [[ChromeDriver: chrome on WINDOWS (c67dbf1602ccafff94736d1fbe547c62)] -> id: models]
2023-05-18 22:05:280 INFO  NewAndUsedCarSearchPage :54 - Select model dropdown :  [[ChromeDriver: chrome on WINDOWS (c67dbf1602ccafff94736d1fbe547c62)] -> id: locations]
2023-05-18 22:05:530 INFO  NewAndUsedCarSearchPage :58 - Select model dropdown :  [[ChromeDriver: chrome on WINDOWS (c67dbf1602ccafff94736d1fbe547c62)] -> id: priceTo]
2023-05-18 22:05:692 INFO  NewAndUsedCarSearchPage :62 - Click on Find my next car :  [[ChromeDriver: chrome on WINDOWS (c67dbf1602ccafff94736d1fbe547c62)] -> id: search-submit]
2023-05-18 22:05:133 INFO  ResultPage :21 - Getting result from making the car : [[ChromeDriver: chrome on WINDOWS (c67dbf1602ccafff94736d1fbe547c62)] -> css selector: div[data-gtm-label='zero results page']:first-of-type]
2023-05-18 22:05:193 INFO  HomePage :34 - Mouse hover to element [[ChromeDriver: chrome on WINDOWS (dd4f963b6c03d8b3585372f03ec1eeaf)] -> xpath: //a[normalize-space()='buy + sell']]
2023-05-18 22:05:239 INFO  HomePage :38 - Click search cars link : [[ChromeDriver: chrome on WINDOWS (dd4f963b6c03d8b3585372f03ec1eeaf)] -> xpath: //a[normalize-space()='Search Cars']]
2023-05-18 22:05:246 INFO  NewAndUsedCarSearchPage :41 - Navigated to Used cars For sale page:  [[ChromeDriver: chrome on WINDOWS (dd4f963b6c03d8b3585372f03ec1eeaf)] -> xpath: //h1]
2023-05-18 22:05:332 INFO  NewAndUsedCarSearchPage :46 - Select makes dropdown :  [[ChromeDriver: chrome on WINDOWS (dd4f963b6c03d8b3585372f03ec1eeaf)] -> id: makes]
2023-05-18 22:05:603 INFO  NewAndUsedCarSearchPage :50 - Select model dropdown :  [[ChromeDriver: chrome on WINDOWS (dd4f963b6c03d8b3585372f03ec1eeaf)] -> id: models]
2023-05-18 22:05:892 INFO  NewAndUsedCarSearchPage :54 - Select model dropdown :  [[ChromeDriver: chrome on WINDOWS (dd4f963b6c03d8b3585372f03ec1eeaf)] -> id: locations]
2023-05-18 22:05:230 INFO  NewAndUsedCarSearchPage :58 - Select model dropdown :  [[ChromeDriver: chrome on WINDOWS (dd4f963b6c03d8b3585372f03ec1eeaf)] -> id: priceTo]
2023-05-18 22:05:518 INFO  NewAndUsedCarSearchPage :62 - Click on Find my next car :  [[ChromeDriver: chrome on WINDOWS (dd4f963b6c03d8b3585372f03ec1eeaf)] -> id: search-submit]
2023-05-18 22:05:838 INFO  ResultPage :21 - Getting result from making the car : [[ChromeDriver: chrome on WINDOWS (dd4f963b6c03d8b3585372f03ec1eeaf)] -> css selector: div[data-gtm-label='zero results page']:first-of-type]
2023-05-18 22:05:568 INFO  HomePage :34 - Mouse hover to element [[ChromeDriver: chrome on WINDOWS (73b469e502c35754b12ae1bdf7335c4f)] -> xpath: //a[normalize-space()='buy + sell']]
2023-05-18 22:05:964 INFO  HomePage :38 - Click search cars link : [[ChromeDriver: chrome on WINDOWS (73b469e502c35754b12ae1bdf7335c4f)] -> xpath: //a[normalize-space()='Search Cars']]
2023-05-18 22:05:797 INFO  NewAndUsedCarSearchPage :41 - Navigated to Used cars For sale page:  [[ChromeDriver: chrome on WINDOWS (73b469e502c35754b12ae1bdf7335c4f)] -> xpath: //h1]
2023-05-18 22:05:999 INFO  NewAndUsedCarSearchPage :46 - Select makes dropdown :  [[ChromeDriver: chrome on WINDOWS (73b469e502c35754b12ae1bdf7335c4f)] -> id: makes]
2023-05-18 22:05:316 INFO  NewAndUsedCarSearchPage :50 - Select model dropdown :  [[ChromeDriver: chrome on WINDOWS (73b469e502c35754b12ae1bdf7335c4f)] -> id: models]
2023-05-18 22:05:583 INFO  NewAndUsedCarSearchPage :54 - Select model dropdown :  [[ChromeDriver: chrome on WINDOWS (73b469e502c35754b12ae1bdf7335c4f)] -> id: locations]
2023-05-18 22:05:799 INFO  NewAndUsedCarSearchPage :58 - Select model dropdown :  [[ChromeDriver: chrome on WINDOWS (73b469e502c35754b12ae1bdf7335c4f)] -> id: priceTo]
2023-05-18 22:05:907 INFO  NewAndUsedCarSearchPage :62 - Click on Find my next car :  [[ChromeDriver: chrome on WINDOWS (73b469e502c35754b12ae1bdf7335c4f)] -> id: search-submit]
2023-05-18 22:05:410 INFO  ResultPage :21 - Getting result from making the car : [[ChromeDriver: chrome on WINDOWS (73b469e502c35754b12ae1bdf7335c4f)] -> css selector: div[data-gtm-label='zero results page']:first-of-type]
2023-05-18 22:05:498 INFO  HomePage :34 - Mouse hover to element [[ChromeDriver: chrome on WINDOWS (a5fe4356f7b36184f6be9d9bc65f08c2)] -> xpath: //a[normalize-space()='buy + sell']]
2023-05-18 22:05:943 INFO  HomePage :38 - Click search cars link : [[ChromeDriver: chrome on WINDOWS (a5fe4356f7b36184f6be9d9bc65f08c2)] -> xpath: //a[normalize-space()='Search Cars']]
2023-05-18 22:05:48 INFO  NewAndUsedCarSearchPage :41 - Navigated to Used cars For sale page:  [[ChromeDriver: chrome on WINDOWS (a5fe4356f7b36184f6be9d9bc65f08c2)] -> xpath: //h1]
2023-05-18 22:05:838 INFO  NewAndUsedCarSearchPage :46 - Select makes dropdown :  [[ChromeDriver: chrome on WINDOWS (a5fe4356f7b36184f6be9d9bc65f08c2)] -> id: makes]
2023-05-18 22:05:63 INFO  NewAndUsedCarSearchPage :50 - Select model dropdown :  [[ChromeDriver: chrome on WINDOWS (a5fe4356f7b36184f6be9d9bc65f08c2)] -> id: models]
2023-05-18 22:05:280 INFO  NewAndUsedCarSearchPage :54 - Select model dropdown :  [[ChromeDriver: chrome on WINDOWS (a5fe4356f7b36184f6be9d9bc65f08c2)] -> id: locations]
2023-05-18 22:05:510 INFO  NewAndUsedCarSearchPage :58 - Select model dropdown :  [[ChromeDriver: chrome on WINDOWS (a5fe4356f7b36184f6be9d9bc65f08c2)] -> id: priceTo]
2023-05-18 22:05:293 INFO  NewAndUsedCarSearchPage :62 - Click on Find my next car :  [[ChromeDriver: chrome on WINDOWS (a5fe4356f7b36184f6be9d9bc65f08c2)] -> id: search-submit]
2023-05-18 22:05:432 INFO  ResultPage :21 - Getting result from making the car : [[ChromeDriver: chrome on WINDOWS (a5fe4356f7b36184f6be9d9bc65f08c2)] -> css selector: div[data-gtm-label='zero results page']:first-of-type]
2023-05-18 22:05:93 INFO  HomePage :34 - Mouse hover to element [[ChromeDriver: chrome on WINDOWS (3dfbebfdc8f2e958591c0174c094cc31)] -> xpath: //a[normalize-space()='buy + sell']]
2023-05-18 22:05:934 INFO  HomePage :38 - Click search cars link : [[ChromeDriver: chrome on WINDOWS (3dfbebfdc8f2e958591c0174c094cc31)] -> xpath: //a[normalize-space()='Search Cars']]
2023-05-18 22:05:258 INFO  NewAndUsedCarSearchPage :41 - Navigated to Used cars For sale page:  [[ChromeDriver: chrome on WINDOWS (3dfbebfdc8f2e958591c0174c094cc31)] -> xpath: //h1]
2023-05-18 22:05:573 INFO  NewAndUsedCarSearchPage :46 - Select makes dropdown :  [[ChromeDriver: chrome on WINDOWS (3dfbebfdc8f2e958591c0174c094cc31)] -> id: makes]
2023-05-18 22:05:781 INFO  NewAndUsedCarSearchPage :50 - Select model dropdown :  [[ChromeDriver: chrome on WINDOWS (3dfbebfdc8f2e958591c0174c094cc31)] -> id: models]
2023-05-18 22:05:968 INFO  NewAndUsedCarSearchPage :54 - Select model dropdown :  [[ChromeDriver: chrome on WINDOWS (3dfbebfdc8f2e958591c0174c094cc31)] -> id: locations]
2023-05-18 22:05:185 INFO  NewAndUsedCarSearchPage :58 - Select model dropdown :  [[ChromeDriver: chrome on WINDOWS (3dfbebfdc8f2e958591c0174c094cc31)] -> id: priceTo]
2023-05-18 22:05:892 INFO  NewAndUsedCarSearchPage :62 - Click on Find my next car :  [[ChromeDriver: chrome on WINDOWS (3dfbebfdc8f2e958591c0174c094cc31)] -> id: search-submit]
2023-05-18 22:05:184 INFO  ResultPage :21 - Getting result from making the car : [[ChromeDriver: chrome on WINDOWS (3dfbebfdc8f2e958591c0174c094cc31)] -> css selector: div[data-gtm-label='zero results page']:first-of-type]
2023-05-18 22:05:325 INFO  HomePage :34 - Mouse hover to element [[ChromeDriver: chrome on WINDOWS (0aab7c2d5af9550c751b1dc14f8c5e0f)] -> xpath: //a[normalize-space()='buy + sell']]
2023-05-18 22:05:847 INFO  HomePage :38 - Click search cars link : [[ChromeDriver: chrome on WINDOWS (0aab7c2d5af9550c751b1dc14f8c5e0f)] -> xpath: //a[normalize-space()='Search Cars']]
2023-05-18 22:05:399 INFO  NewAndUsedCarSearchPage :41 - Navigated to Used cars For sale page:  [[ChromeDriver: chrome on WINDOWS (0aab7c2d5af9550c751b1dc14f8c5e0f)] -> xpath: //h1]
2023-05-18 22:05:712 INFO  NewAndUsedCarSearchPage :46 - Select makes dropdown :  [[ChromeDriver: chrome on WINDOWS (0aab7c2d5af9550c751b1dc14f8c5e0f)] -> id: makes]
2023-05-18 22:05:911 INFO  NewAndUsedCarSearchPage :50 - Select model dropdown :  [[ChromeDriver: chrome on WINDOWS (0aab7c2d5af9550c751b1dc14f8c5e0f)] -> id: models]
2023-05-18 22:05:105 INFO  NewAndUsedCarSearchPage :54 - Select model dropdown :  [[ChromeDriver: chrome on WINDOWS (0aab7c2d5af9550c751b1dc14f8c5e0f)] -> id: locations]
2023-05-18 22:05:279 INFO  NewAndUsedCarSearchPage :58 - Select model dropdown :  [[ChromeDriver: chrome on WINDOWS (0aab7c2d5af9550c751b1dc14f8c5e0f)] -> id: priceTo]
2023-05-18 22:05:639 INFO  NewAndUsedCarSearchPage :62 - Click on Find my next car :  [[ChromeDriver: chrome on WINDOWS (0aab7c2d5af9550c751b1dc14f8c5e0f)] -> id: search-submit]
2023-05-18 22:05:63 INFO  ResultPage :21 - Getting result from making the car : [[ChromeDriver: chrome on WINDOWS (0aab7c2d5af9550c751b1dc14f8c5e0f)] -> css selector: div[data-gtm-label='zero results page']:first-of-type]
2023-05-18 22:05:403 INFO  HomePage :34 - Mouse hover to element [[ChromeDriver: chrome on WINDOWS (638978220c6dde9c0ee103d2b6a20f46)] -> xpath: //a[normalize-space()='buy + sell']]
2023-05-18 22:05:853 INFO  HomePage :38 - Click search cars link : [[ChromeDriver: chrome on WINDOWS (638978220c6dde9c0ee103d2b6a20f46)] -> xpath: //a[normalize-space()='Search Cars']]
2023-05-18 22:05:737 INFO  NewAndUsedCarSearchPage :41 - Navigated to Used cars For sale page:  [[ChromeDriver: chrome on WINDOWS (638978220c6dde9c0ee103d2b6a20f46)] -> xpath: //h1]
2023-05-18 22:05:337 INFO  NewAndUsedCarSearchPage :46 - Select makes dropdown :  [[ChromeDriver: chrome on WINDOWS (638978220c6dde9c0ee103d2b6a20f46)] -> id: makes]
2023-05-18 22:05:514 INFO  NewAndUsedCarSearchPage :50 - Select model dropdown :  [[ChromeDriver: chrome on WINDOWS (638978220c6dde9c0ee103d2b6a20f46)] -> id: models]
2023-05-18 22:05:674 INFO  NewAndUsedCarSearchPage :54 - Select model dropdown :  [[ChromeDriver: chrome on WINDOWS (638978220c6dde9c0ee103d2b6a20f46)] -> id: locations]
2023-05-18 22:05:893 INFO  NewAndUsedCarSearchPage :58 - Select model dropdown :  [[ChromeDriver: chrome on WINDOWS (638978220c6dde9c0ee103d2b6a20f46)] -> id: priceTo]
2023-05-18 22:05:14 INFO  NewAndUsedCarSearchPage :62 - Click on Find my next car :  [[ChromeDriver: chrome on WINDOWS (638978220c6dde9c0ee103d2b6a20f46)] -> id: search-submit]
2023-05-18 22:05:381 INFO  ResultPage :21 - Getting result from making the car : [[ChromeDriver: chrome on WINDOWS (638978220c6dde9c0ee103d2b6a20f46)] -> css selector: div[data-gtm-label='zero results page']:first-of-type]
2023-05-18 22:05:982 INFO  HomePage :34 - Mouse hover to element [[ChromeDriver: chrome on WINDOWS (ecc4f86b7fa84757058b8401d1ef5e2e)] -> xpath: //a[normalize-space()='buy + sell']]
2023-05-18 22:05:820 INFO  HomePage :38 - Click search cars link : [[ChromeDriver: chrome on WINDOWS (ecc4f86b7fa84757058b8401d1ef5e2e)] -> xpath: //a[normalize-space()='Search Cars']]
2023-05-18 22:05:103 INFO  NewAndUsedCarSearchPage :41 - Navigated to Used cars For sale page:  [[ChromeDriver: chrome on WINDOWS (ecc4f86b7fa84757058b8401d1ef5e2e)] -> xpath: //h1]
2023-05-18 22:05:262 INFO  NewAndUsedCarSearchPage :46 - Select makes dropdown :  [[ChromeDriver: chrome on WINDOWS (ecc4f86b7fa84757058b8401d1ef5e2e)] -> id: makes]
2023-05-18 22:05:731 INFO  NewAndUsedCarSearchPage :50 - Select model dropdown :  [[ChromeDriver: chrome on WINDOWS (ecc4f86b7fa84757058b8401d1ef5e2e)] -> id: models]
2023-05-18 22:05:883 INFO  NewAndUsedCarSearchPage :54 - Select model dropdown :  [[ChromeDriver: chrome on WINDOWS (ecc4f86b7fa84757058b8401d1ef5e2e)] -> id: locations]
2023-05-18 22:05:51 INFO  NewAndUsedCarSearchPage :58 - Select model dropdown :  [[ChromeDriver: chrome on WINDOWS (ecc4f86b7fa84757058b8401d1ef5e2e)] -> id: priceTo]
2023-05-18 22:05:209 INFO  NewAndUsedCarSearchPage :62 - Click on Find my next car :  [[ChromeDriver: chrome on WINDOWS (ecc4f86b7fa84757058b8401d1ef5e2e)] -> id: search-submit]
2023-05-18 22:05:464 INFO  ResultPage :21 - Getting result from making the car : [[ChromeDriver: chrome on WINDOWS (ecc4f86b7fa84757058b8401d1ef5e2e)] -> css selector: div[data-gtm-label='zero results page']:first-of-type]
2023-05-18 22:05:628 INFO  HomePage :34 - Mouse hover to element [[ChromeDriver: chrome on WINDOWS (e3dc4561e0d6779159ad446882873789)] -> xpath: //a[normalize-space()='buy + sell']]
2023-05-18 22:05:55 INFO  HomePage :38 - Click search cars link : [[ChromeDriver: chrome on WINDOWS (e3dc4561e0d6779159ad446882873789)] -> xpath: //a[normalize-space()='Search Cars']]
2023-05-18 22:05:309 INFO  NewAndUsedCarSearchPage :41 - Navigated to Used cars For sale page:  [[ChromeDriver: chrome on WINDOWS (e3dc4561e0d6779159ad446882873789)] -> xpath: //h1]
2023-05-18 22:05:458 INFO  NewAndUsedCarSearchPage :46 - Select makes dropdown :  [[ChromeDriver: chrome on WINDOWS (e3dc4561e0d6779159ad446882873789)] -> id: makes]
2023-05-18 22:05:671 INFO  NewAndUsedCarSearchPage :50 - Select model dropdown :  [[ChromeDriver: chrome on WINDOWS (e3dc4561e0d6779159ad446882873789)] -> id: models]
2023-05-18 22:05:812 INFO  NewAndUsedCarSearchPage :54 - Select model dropdown :  [[ChromeDriver: chrome on WINDOWS (e3dc4561e0d6779159ad446882873789)] -> id: locations]
2023-05-18 22:05:979 INFO  NewAndUsedCarSearchPage :58 - Select model dropdown :  [[ChromeDriver: chrome on WINDOWS (e3dc4561e0d6779159ad446882873789)] -> id: priceTo]
2023-05-18 22:05:319 INFO  NewAndUsedCarSearchPage :62 - Click on Find my next car :  [[ChromeDriver: chrome on WINDOWS (e3dc4561e0d6779159ad446882873789)] -> id: search-submit]
2023-05-18 22:05:581 INFO  ResultPage :21 - Getting result from making the car : [[ChromeDriver: chrome on WINDOWS (e3dc4561e0d6779159ad446882873789)] -> css selector: div[data-gtm-label='zero results page']:first-of-type]
2023-05-18 22:05:953 INFO  HomePage :34 - Mouse hover to element [[ChromeDriver: chrome on WINDOWS (0b43281c9b41c29c8a04745bdd61e70a)] -> xpath: //a[normalize-space()='buy + sell']]
2023-05-18 22:05:152 INFO  HomePage :38 - Click search cars link : [[ChromeDriver: chrome on WINDOWS (0b43281c9b41c29c8a04745bdd61e70a)] -> xpath: //a[normalize-space()='Search Cars']]
2023-05-18 22:05:530 INFO  NewAndUsedCarSearchPage :41 - Navigated to Used cars For sale page:  [[ChromeDriver: chrome on WINDOWS (0b43281c9b41c29c8a04745bdd61e70a)] -> xpath: //h1]
2023-05-18 22:05:798 INFO  NewAndUsedCarSearchPage :46 - Select makes dropdown :  [[ChromeDriver: chrome on WINDOWS (0b43281c9b41c29c8a04745bdd61e70a)] -> id: makes]
2023-05-18 22:05:978 INFO  NewAndUsedCarSearchPage :50 - Select model dropdown :  [[ChromeDriver: chrome on WINDOWS (0b43281c9b41c29c8a04745bdd61e70a)] -> id: models]
2023-05-18 22:05:126 INFO  NewAndUsedCarSearchPage :54 - Select model dropdown :  [[ChromeDriver: chrome on WINDOWS (0b43281c9b41c29c8a04745bdd61e70a)] -> id: locations]
2023-05-18 22:05:291 INFO  NewAndUsedCarSearchPage :58 - Select model dropdown :  [[ChromeDriver: chrome on WINDOWS (0b43281c9b41c29c8a04745bdd61e70a)] -> id: priceTo]
2023-05-18 22:05:533 INFO  NewAndUsedCarSearchPage :62 - Click on Find my next car :  [[ChromeDriver: chrome on WINDOWS (0b43281c9b41c29c8a04745bdd61e70a)] -> id: search-submit]
2023-05-18 22:05:956 INFO  ResultPage :21 - Getting result from making the car : [[ChromeDriver: chrome on WINDOWS (0b43281c9b41c29c8a04745bdd61e70a)] -> css selector: div[data-gtm-label='zero results page']:first-of-type]
2023-05-18 22:05:222 INFO  HomePage :34 - Mouse hover to element [[ChromeDriver: chrome on WINDOWS (ef6ba0ebbde603e266c9be42449aa71e)] -> xpath: //a[normalize-space()='buy + sell']]
2023-05-18 22:05:908 INFO  HomePage :43 - Click used link : [[ChromeDriver: chrome on WINDOWS (ef6ba0ebbde603e266c9be42449aa71e)] -> xpath: //a[normalize-space()='Used']]
2023-05-18 22:05:212 INFO  UsedCarSearchPage :22 - Navigated to Used cars For sale page:  [[ChromeDriver: chrome on WINDOWS (ef6ba0ebbde603e266c9be42449aa71e)] -> xpath: //h1]
2023-05-18 22:05:400 INFO  NewAndUsedCarSearchPage :46 - Select makes dropdown :  [[ChromeDriver: chrome on WINDOWS (ef6ba0ebbde603e266c9be42449aa71e)] -> id: makes]
2023-05-18 22:05:551 INFO  NewAndUsedCarSearchPage :50 - Select model dropdown :  [[ChromeDriver: chrome on WINDOWS (ef6ba0ebbde603e266c9be42449aa71e)] -> id: models]
2023-05-18 22:05:695 INFO  NewAndUsedCarSearchPage :54 - Select model dropdown :  [[ChromeDriver: chrome on WINDOWS (ef6ba0ebbde603e266c9be42449aa71e)] -> id: locations]
2023-05-18 22:05:900 INFO  NewAndUsedCarSearchPage :58 - Select model dropdown :  [[ChromeDriver: chrome on WINDOWS (ef6ba0ebbde603e266c9be42449aa71e)] -> id: priceTo]
2023-05-18 22:05:742 INFO  NewAndUsedCarSearchPage :62 - Click on Find my next car :  [[ChromeDriver: chrome on WINDOWS (ef6ba0ebbde603e266c9be42449aa71e)] -> id: search-submit]
2023-05-18 22:05:984 INFO  ResultPage :21 - Getting result from making the car : [[ChromeDriver: chrome on WINDOWS (ef6ba0ebbde603e266c9be42449aa71e)] -> css selector: div[data-gtm-label='zero results page']:first-of-type]
2023-05-18 22:05:140 INFO  HomePage :34 - Mouse hover to element [[ChromeDriver: chrome on WINDOWS (bc54eef08bffad0421469112e41e949a)] -> xpath: //a[normalize-space()='buy + sell']]
2023-05-18 22:05:580 INFO  HomePage :43 - Click used link : [[ChromeDriver: chrome on WINDOWS (bc54eef08bffad0421469112e41e949a)] -> xpath: //a[normalize-space()='Used']]
2023-05-18 22:05:678 INFO  UsedCarSearchPage :22 - Navigated to Used cars For sale page:  [[ChromeDriver: chrome on WINDOWS (bc54eef08bffad0421469112e41e949a)] -> xpath: //h1]
2023-05-18 22:05:07 INFO  NewAndUsedCarSearchPage :46 - Select makes dropdown :  [[ChromeDriver: chrome on WINDOWS (bc54eef08bffad0421469112e41e949a)] -> id: makes]
2023-05-18 22:05:211 INFO  NewAndUsedCarSearchPage :50 - Select model dropdown :  [[ChromeDriver: chrome on WINDOWS (bc54eef08bffad0421469112e41e949a)] -> id: models]
2023-05-18 22:05:348 INFO  NewAndUsedCarSearchPage :54 - Select model dropdown :  [[ChromeDriver: chrome on WINDOWS (bc54eef08bffad0421469112e41e949a)] -> id: locations]
2023-05-18 22:05:486 INFO  NewAndUsedCarSearchPage :58 - Select model dropdown :  [[ChromeDriver: chrome on WINDOWS (bc54eef08bffad0421469112e41e949a)] -> id: priceTo]
2023-05-18 22:05:919 INFO  NewAndUsedCarSearchPage :62 - Click on Find my next car :  [[ChromeDriver: chrome on WINDOWS (bc54eef08bffad0421469112e41e949a)] -> id: search-submit]
2023-05-18 22:05:130 INFO  ResultPage :21 - Getting result from making the car : [[ChromeDriver: chrome on WINDOWS (bc54eef08bffad0421469112e41e949a)] -> css selector: div[data-gtm-label='zero results page']:first-of-type]
2023-05-18 22:05:498 INFO  HomePage :34 - Mouse hover to element [[ChromeDriver: chrome on WINDOWS (d786f85a7b2bdcdf38281de4035bf467)] -> xpath: //a[normalize-space()='buy + sell']]
2023-05-18 22:05:396 INFO  HomePage :43 - Click used link : [[ChromeDriver: chrome on WINDOWS (d786f85a7b2bdcdf38281de4035bf467)] -> xpath: //a[normalize-space()='Used']]
2023-05-18 22:05:660 INFO  UsedCarSearchPage :22 - Navigated to Used cars For sale page:  [[ChromeDriver: chrome on WINDOWS (d786f85a7b2bdcdf38281de4035bf467)] -> xpath: //h1]
2023-05-18 22:05:820 INFO  NewAndUsedCarSearchPage :46 - Select makes dropdown :  [[ChromeDriver: chrome on WINDOWS (d786f85a7b2bdcdf38281de4035bf467)] -> id: makes]
2023-05-18 22:05:22 INFO  NewAndUsedCarSearchPage :50 - Select model dropdown :  [[ChromeDriver: chrome on WINDOWS (d786f85a7b2bdcdf38281de4035bf467)] -> id: models]
2023-05-18 22:05:185 INFO  NewAndUsedCarSearchPage :54 - Select model dropdown :  [[ChromeDriver: chrome on WINDOWS (d786f85a7b2bdcdf38281de4035bf467)] -> id: locations]
2023-05-18 22:05:355 INFO  NewAndUsedCarSearchPage :58 - Select model dropdown :  [[ChromeDriver: chrome on WINDOWS (d786f85a7b2bdcdf38281de4035bf467)] -> id: priceTo]
2023-05-18 22:05:123 INFO  NewAndUsedCarSearchPage :62 - Click on Find my next car :  [[ChromeDriver: chrome on WINDOWS (d786f85a7b2bdcdf38281de4035bf467)] -> id: search-submit]
2023-05-18 22:05:294 INFO  ResultPage :21 - Getting result from making the car : [[ChromeDriver: chrome on WINDOWS (d786f85a7b2bdcdf38281de4035bf467)] -> css selector: div[data-gtm-label='zero results page']:first-of-type]
2023-05-18 22:05:827 INFO  HomePage :34 - Mouse hover to element [[ChromeDriver: chrome on WINDOWS (91f3b968fddc8164acdef42b49a711e2)] -> xpath: //a[normalize-space()='buy + sell']]
2023-05-18 22:05:577 INFO  HomePage :43 - Click used link : [[ChromeDriver: chrome on WINDOWS (91f3b968fddc8164acdef42b49a711e2)] -> xpath: //a[normalize-space()='Used']]
2023-05-18 22:05:612 INFO  UsedCarSearchPage :22 - Navigated to Used cars For sale page:  [[ChromeDriver: chrome on WINDOWS (91f3b968fddc8164acdef42b49a711e2)] -> xpath: //h1]
2023-05-18 22:05:755 INFO  NewAndUsedCarSearchPage :46 - Select makes dropdown :  [[ChromeDriver: chrome on WINDOWS (91f3b968fddc8164acdef42b49a711e2)] -> id: makes]
2023-05-18 22:05:218 INFO  NewAndUsedCarSearchPage :50 - Select model dropdown :  [[ChromeDriver: chrome on WINDOWS (91f3b968fddc8164acdef42b49a711e2)] -> id: models]
2023-05-18 22:05:357 INFO  NewAndUsedCarSearchPage :54 - Select model dropdown :  [[ChromeDriver: chrome on WINDOWS (91f3b968fddc8164acdef42b49a711e2)] -> id: locations]
2023-05-18 22:05:564 INFO  NewAndUsedCarSearchPage :58 - Select model dropdown :  [[ChromeDriver: chrome on WINDOWS (91f3b968fddc8164acdef42b49a711e2)] -> id: priceTo]
2023-05-18 22:05:505 INFO  NewAndUsedCarSearchPage :62 - Click on Find my next car :  [[ChromeDriver: chrome on WINDOWS (91f3b968fddc8164acdef42b49a711e2)] -> id: search-submit]
2023-05-18 22:05:689 INFO  ResultPage :21 - Getting result from making the car : [[ChromeDriver: chrome on WINDOWS (91f3b968fddc8164acdef42b49a711e2)] -> css selector: div[data-gtm-label='zero results page']:first-of-type]
2023-05-18 22:05:167 INFO  HomePage :34 - Mouse hover to element [[ChromeDriver: chrome on WINDOWS (164810101f0ba96886f3860defc4496c)] -> xpath: //a[normalize-space()='buy + sell']]
2023-05-18 22:05:16 INFO  HomePage :43 - Click used link : [[ChromeDriver: chrome on WINDOWS (164810101f0ba96886f3860defc4496c)] -> xpath: //a[normalize-space()='Used']]
2023-05-18 22:05:117 INFO  UsedCarSearchPage :22 - Navigated to Used cars For sale page:  [[ChromeDriver: chrome on WINDOWS (164810101f0ba96886f3860defc4496c)] -> xpath: //h1]
2023-05-18 22:05:511 INFO  NewAndUsedCarSearchPage :46 - Select makes dropdown :  [[ChromeDriver: chrome on WINDOWS (164810101f0ba96886f3860defc4496c)] -> id: makes]
2023-05-18 22:05:674 INFO  NewAndUsedCarSearchPage :50 - Select model dropdown :  [[ChromeDriver: chrome on WINDOWS (164810101f0ba96886f3860defc4496c)] -> id: models]
2023-05-18 22:05:877 INFO  NewAndUsedCarSearchPage :54 - Select model dropdown :  [[ChromeDriver: chrome on WINDOWS (164810101f0ba96886f3860defc4496c)] -> id: locations]
2023-05-18 22:05:75 INFO  NewAndUsedCarSearchPage :58 - Select model dropdown :  [[ChromeDriver: chrome on WINDOWS (164810101f0ba96886f3860defc4496c)] -> id: priceTo]
2023-05-18 22:05:587 INFO  NewAndUsedCarSearchPage :62 - Click on Find my next car :  [[ChromeDriver: chrome on WINDOWS (164810101f0ba96886f3860defc4496c)] -> id: search-submit]
2023-05-18 22:05:827 INFO  ResultPage :21 - Getting result from making the car : [[ChromeDriver: chrome on WINDOWS (164810101f0ba96886f3860defc4496c)] -> css selector: div[data-gtm-label='zero results page']:first-of-type]
2023-05-18 22:05:795 INFO  HomePage :34 - Mouse hover to element [[ChromeDriver: chrome on WINDOWS (fdeba276690c7b79c8fb6644589140a9)] -> xpath: //a[normalize-space()='buy + sell']]
2023-05-18 22:05:146 INFO  HomePage :43 - Click used link : [[ChromeDriver: chrome on WINDOWS (fdeba276690c7b79c8fb6644589140a9)] -> xpath: //a[normalize-space()='Used']]
2023-05-18 22:05:438 INFO  UsedCarSearchPage :22 - Navigated to Used cars For sale page:  [[ChromeDriver: chrome on WINDOWS (fdeba276690c7b79c8fb6644589140a9)] -> xpath: //h1]
2023-05-18 22:05:620 INFO  NewAndUsedCarSearchPage :46 - Select makes dropdown :  [[ChromeDriver: chrome on WINDOWS (fdeba276690c7b79c8fb6644589140a9)] -> id: makes]
2023-05-18 22:05:925 INFO  NewAndUsedCarSearchPage :50 - Select model dropdown :  [[ChromeDriver: chrome on WINDOWS (fdeba276690c7b79c8fb6644589140a9)] -> id: models]
2023-05-18 22:05:138 INFO  NewAndUsedCarSearchPage :54 - Select model dropdown :  [[ChromeDriver: chrome on WINDOWS (fdeba276690c7b79c8fb6644589140a9)] -> id: locations]
2023-05-18 22:05:340 INFO  NewAndUsedCarSearchPage :58 - Select model dropdown :  [[ChromeDriver: chrome on WINDOWS (fdeba276690c7b79c8fb6644589140a9)] -> id: priceTo]
2023-05-18 22:05:430 INFO  NewAndUsedCarSearchPage :62 - Click on Find my next car :  [[ChromeDriver: chrome on WINDOWS (fdeba276690c7b79c8fb6644589140a9)] -> id: search-submit]
2023-05-18 22:05:684 INFO  ResultPage :21 - Getting result from making the car : [[ChromeDriver: chrome on WINDOWS (fdeba276690c7b79c8fb6644589140a9)] -> css selector: div[data-gtm-label='zero results page']:first-of-type]
2023-05-19 08:05:873 INFO  HomePage :34 - Mouse hover to element [[ChromeDriver: chrome on WINDOWS (f9e50d6367478a556f1b00f7ab88d792)] -> xpath: //a[normalize-space()='buy + sell']]
2023-05-19 08:05:187 INFO  HomePage :43 - Click used link : [[ChromeDriver: chrome on WINDOWS (f9e50d6367478a556f1b00f7ab88d792)] -> xpath: //a[normalize-space()='Used']]
2023-05-19 08:05:732 INFO  UsedCarSearchPage :22 - Navigated to Used cars For sale page:  [[ChromeDriver: chrome on WINDOWS (f9e50d6367478a556f1b00f7ab88d792)] -> xpath: //h1]
2023-05-19 08:05:256 INFO  NewAndUsedCarSearchPage :46 - Select makes dropdown :  [[ChromeDriver: chrome on WINDOWS (f9e50d6367478a556f1b00f7ab88d792)] -> id: makes]
2023-05-19 08:05:460 INFO  NewAndUsedCarSearchPage :50 - Select model dropdown :  [[ChromeDriver: chrome on WINDOWS (f9e50d6367478a556f1b00f7ab88d792)] -> id: models]
2023-05-19 08:05:608 INFO  NewAndUsedCarSearchPage :54 - Select model dropdown :  [[ChromeDriver: chrome on WINDOWS (f9e50d6367478a556f1b00f7ab88d792)] -> id: locations]
2023-05-19 08:05:780 INFO  NewAndUsedCarSearchPage :58 - Select model dropdown :  [[ChromeDriver: chrome on WINDOWS (f9e50d6367478a556f1b00f7ab88d792)] -> id: priceTo]
2023-05-19 08:05:608 INFO  NewAndUsedCarSearchPage :62 - Click on Find my next car :  [[ChromeDriver: chrome on WINDOWS (f9e50d6367478a556f1b00f7ab88d792)] -> id: search-submit]
2023-05-19 08:05:694 INFO  ResultPage :21 - Getting result from making the car : [[ChromeDriver: chrome on WINDOWS (f9e50d6367478a556f1b00f7ab88d792)] -> css selector: div[data-gtm-label='zero results page']:first-of-type]
2023-05-19 08:05:785 INFO  HomePage :34 - Mouse hover to element [[ChromeDriver: chrome on WINDOWS (bdf3db3359df7280f9c1de951e66eb74)] -> xpath: //a[normalize-space()='buy + sell']]
2023-05-19 08:05:570 INFO  HomePage :34 - Mouse hover to element [[ChromeDriver: chrome on WINDOWS (f4106c8da2f9ca7103541701b9d2288a)] -> xpath: //a[normalize-space()='buy + sell']]
2023-05-19 08:05:767 INFO  HomePage :43 - Click used link : [[ChromeDriver: chrome on WINDOWS (f4106c8da2f9ca7103541701b9d2288a)] -> xpath: //a[normalize-space()='Used']]
2023-05-19 08:05:213 INFO  UsedCarSearchPage :22 - Navigated to Used cars For sale page:  [[ChromeDriver: chrome on WINDOWS (f4106c8da2f9ca7103541701b9d2288a)] -> xpath: //h1]
2023-05-19 08:05:258 INFO  NewAndUsedCarSearchPage :46 - Select makes dropdown :  [[ChromeDriver: chrome on WINDOWS (f4106c8da2f9ca7103541701b9d2288a)] -> id: makes]
2023-05-19 08:05:414 INFO  NewAndUsedCarSearchPage :50 - Select model dropdown :  [[ChromeDriver: chrome on WINDOWS (f4106c8da2f9ca7103541701b9d2288a)] -> id: models]
2023-05-19 08:05:570 INFO  NewAndUsedCarSearchPage :54 - Select model dropdown :  [[ChromeDriver: chrome on WINDOWS (f4106c8da2f9ca7103541701b9d2288a)] -> id: locations]
2023-05-19 08:05:839 INFO  NewAndUsedCarSearchPage :58 - Select model dropdown :  [[ChromeDriver: chrome on WINDOWS (f4106c8da2f9ca7103541701b9d2288a)] -> id: priceTo]
2023-05-19 08:05:129 INFO  NewAndUsedCarSearchPage :62 - Click on Find my next car :  [[ChromeDriver: chrome on WINDOWS (f4106c8da2f9ca7103541701b9d2288a)] -> id: search-submit]
2023-05-19 08:05:173 INFO  ResultPage :21 - Getting result from making the car : [[ChromeDriver: chrome on WINDOWS (f4106c8da2f9ca7103541701b9d2288a)] -> css selector: div[data-gtm-label='zero results page']:first-of-type]
2023-05-19 08:05:110 INFO  HomePage :34 - Mouse hover to element [[ChromeDriver: chrome on WINDOWS (16ed834292955b79ca96c9460ac364a1)] -> xpath: //a[normalize-space()='buy + sell']]
2023-05-19 08:05:158 INFO  HomePage :43 - Click used link : [[ChromeDriver: chrome on WINDOWS (16ed834292955b79ca96c9460ac364a1)] -> xpath: //a[normalize-space()='Used']]
2023-05-19 08:05:503 INFO  UsedCarSearchPage :22 - Navigated to Used cars For sale page:  [[ChromeDriver: chrome on WINDOWS (16ed834292955b79ca96c9460ac364a1)] -> xpath: //h1]
2023-05-19 08:05:671 INFO  NewAndUsedCarSearchPage :46 - Select makes dropdown :  [[ChromeDriver: chrome on WINDOWS (16ed834292955b79ca96c9460ac364a1)] -> id: makes]
2023-05-19 08:05:878 INFO  NewAndUsedCarSearchPage :50 - Select model dropdown :  [[ChromeDriver: chrome on WINDOWS (16ed834292955b79ca96c9460ac364a1)] -> id: models]
2023-05-19 08:05:31 INFO  NewAndUsedCarSearchPage :54 - Select model dropdown :  [[ChromeDriver: chrome on WINDOWS (16ed834292955b79ca96c9460ac364a1)] -> id: locations]
2023-05-19 08:05:165 INFO  NewAndUsedCarSearchPage :58 - Select model dropdown :  [[ChromeDriver: chrome on WINDOWS (16ed834292955b79ca96c9460ac364a1)] -> id: priceTo]
2023-05-19 08:05:860 INFO  NewAndUsedCarSearchPage :62 - Click on Find my next car :  [[ChromeDriver: chrome on WINDOWS (16ed834292955b79ca96c9460ac364a1)] -> id: search-submit]
2023-05-19 08:05:151 INFO  ResultPage :21 - Getting result from making the car : [[ChromeDriver: chrome on WINDOWS (16ed834292955b79ca96c9460ac364a1)] -> css selector: div[data-gtm-label='zero results page']:first-of-type]
2023-05-19 12:05:71 INFO  HomePage :33 - Mouse hover to element [[ChromeDriver: chrome on WINDOWS (eb40f3ef0d77a2eb0303fdeb19bcbb83)] -> xpath: //a[normalize-space()='buy + sell']]
2023-05-19 12:05:971 INFO  HomePage :47 - Click find dealer link : [[ChromeDriver: chrome on WINDOWS (eb40f3ef0d77a2eb0303fdeb19bcbb83)] -> xpath: //a[normalize-space()='Find a Dealer']]
2023-05-19 12:05:127 INFO  FindDealerPage :24 - Navigated to Used cars For sale page:  [[ChromeDriver: chrome on WINDOWS (eb40f3ef0d77a2eb0303fdeb19bcbb83)] -> xpath: //h1]
2023-05-19 13:05:982 INFO  HomePage :33 - Mouse hover to element [[ChromeDriver: chrome on WINDOWS (5338e0d7bd9142e6b81c480956eb12f9)] -> xpath: //a[normalize-space()='buy + sell']]
2023-05-19 13:05:340 INFO  HomePage :47 - Click find dealer link : [[ChromeDriver: chrome on WINDOWS (5338e0d7bd9142e6b81c480956eb12f9)] -> xpath: //a[normalize-space()='Find a Dealer']]
2023-05-19 13:05:366 INFO  FindDealerPage :32 - Navigated to Used cars For sale page:  [[ChromeDriver: chrome on WINDOWS (5338e0d7bd9142e6b81c480956eb12f9)] -> xpath: //h1]
2023-05-19 13:05:688 INFO  HomePage :33 - Mouse hover to element [[ChromeDriver: chrome on WINDOWS (a35c600ecb2c6204adad71b8ea18099d)] -> xpath: //a[normalize-space()='buy + sell']]
2023-05-19 13:05:650 INFO  HomePage :47 - Click find dealer link : [[ChromeDriver: chrome on WINDOWS (a35c600ecb2c6204adad71b8ea18099d)] -> xpath: //a[normalize-space()='Find a Dealer']]
2023-05-19 13:05:289 INFO  FindDealerPage :32 - Navigated to Used cars For sale page:  [[ChromeDriver: chrome on WINDOWS (a35c600ecb2c6204adad71b8ea18099d)] -> xpath: //h1]
2023-05-19 13:05:730 INFO  HomePage :33 - Mouse hover to element [[ChromeDriver: chrome on WINDOWS (329dc0bf44b217de8ac8708ee5148405)] -> xpath: //a[normalize-space()='buy + sell']]
2023-05-19 13:05:485 INFO  HomePage :47 - Click find dealer link : [[ChromeDriver: chrome on WINDOWS (329dc0bf44b217de8ac8708ee5148405)] -> xpath: //a[normalize-space()='Find a Dealer']]
2023-05-19 13:05:531 INFO  FindDealerPage :32 - Navigated to Used cars For sale page:  [[ChromeDriver: chrome on WINDOWS (329dc0bf44b217de8ac8708ee5148405)] -> xpath: //h1]
2023-05-19 13:05:986 INFO  HomePage :33 - Mouse hover to element [[ChromeDriver: chrome on WINDOWS (41a4c6dd5c3f9b63dd73378197d70ceb)] -> xpath: //a[normalize-space()='buy + sell']]
2023-05-19 13:05:813 INFO  HomePage :47 - Click find dealer link : [[ChromeDriver: chrome on WINDOWS (41a4c6dd5c3f9b63dd73378197d70ceb)] -> xpath: //a[normalize-space()='Find a Dealer']]
2023-05-19 13:05:815 INFO  FindDealerPage :32 - Navigated to Used cars For sale page:  [[ChromeDriver: chrome on WINDOWS (41a4c6dd5c3f9b63dd73378197d70ceb)] -> xpath: //h1]
2023-05-19 14:05:174 INFO  HomePage :33 - Mouse hover to element [[ChromeDriver: chrome on WINDOWS (7d93622e915581226b7862d00c2bcc55)] -> xpath: //a[normalize-space()='buy + sell']]
2023-05-19 14:05:285 INFO  HomePage :47 - Click find dealer link : [[ChromeDriver: chrome on WINDOWS (7d93622e915581226b7862d00c2bcc55)] -> xpath: //a[normalize-space()='Find a Dealer']]
2023-05-19 14:05:308 INFO  FindDealerPage :32 - Navigated to Used cars For sale page:  [[ChromeDriver: chrome on WINDOWS (7d93622e915581226b7862d00c2bcc55)] -> xpath: //h1]
2023-05-19 14:05:201 INFO  HomePage :33 - Mouse hover to element [[ChromeDriver: chrome on WINDOWS (616ad1e472d782489ec26c61f748bca9)] -> xpath: //a[normalize-space()='buy + sell']]
2023-05-19 14:05:247 INFO  HomePage :47 - Click find dealer link : [[ChromeDriver: chrome on WINDOWS (616ad1e472d782489ec26c61f748bca9)] -> xpath: //a[normalize-space()='Find a Dealer']]
2023-05-19 14:05:267 INFO  FindDealerPage :32 - Navigated to Used cars For sale page:  [[ChromeDriver: chrome on WINDOWS (616ad1e472d782489ec26c61f748bca9)] -> xpath: //h1]
